{"numFailedTestSuites":7,"numFailedTests":28,"numPassedTestSuites":13,"numPassedTests":245,"numPendingTestSuites":0,"numPendingTests":0,"numRuntimeErrorTestSuites":1,"numTodoTests":0,"numTotalTestSuites":20,"numTotalTests":273,"openHandles":[],"snapshot":{"added":0,"didUpdate":false,"failure":false,"filesAdded":0,"filesRemoved":0,"filesRemovedList":[],"filesUnmatched":0,"filesUpdated":0,"matched":0,"total":0,"unchecked":0,"uncheckedKeysByFile":[],"unmatched":0,"updated":0},"startTime":1767375563091,"success":false,"testResults":[{"assertionResults":[{"ancestorTitles":["analyzeResponses","basic functionality"],"duration":21,"failing":false,"failureDetails":[],"failureMessages":[],"fullName":"analyzeResponses basic functionality should analyze empty prompt results","invocations":1,"location":null,"numPassingAsserts":5,"retryReasons":[],"startAt":1767375564367,"status":"passed","title":"should analyze empty prompt results"},{"ancestorTitles":["analyzeResponses","basic functionality"],"duration":3,"failing":false,"failureDetails":[],"failureMessages":[],"fullName":"analyzeResponses basic functionality should detect brand mentions in responses","invocations":1,"location":null,"numPassingAsserts":3,"retryReasons":[],"startAt":1767375564388,"status":"passed","title":"should detect brand mentions in responses"},{"ancestorTitles":["analyzeResponses","basic functionality"],"duration":1,"failing":false,"failureDetails":[],"failureMessages":[],"fullName":"analyzeResponses basic functionality should handle case-insensitive brand matching","invocations":1,"location":null,"numPassingAsserts":1,"retryReasons":[],"startAt":1767375564391,"status":"passed","title":"should handle case-insensitive brand matching"},{"ancestorTitles":["analyzeResponses","basic functionality"],"duration":1,"failing":false,"failureDetails":[],"failureMessages":[],"fullName":"analyzeResponses basic functionality should track first mentions correctly","invocations":1,"location":null,"numPassingAsserts":2,"retryReasons":[],"startAt":1767375564393,"status":"passed","title":"should track first mentions correctly"},{"ancestorTitles":["analyzeResponses","basic functionality"],"duration":2,"failing":false,"failureDetails":[],"failureMessages":[],"fullName":"analyzeResponses basic functionality should calculate prompt coverage correctly","invocations":1,"location":null,"numPassingAsserts":4,"retryReasons":[],"startAt":1767375564395,"status":"passed","title":"should calculate prompt coverage correctly"},{"ancestorTitles":["analyzeResponses","mention share calculation"],"duration":1,"failing":false,"failureDetails":[],"failureMessages":[],"fullName":"analyzeResponses mention share calculation should calculate mention share as percentage of total mentions","invocations":1,"location":null,"numPassingAsserts":2,"retryReasons":[],"startAt":1767375564397,"status":"passed","title":"should calculate mention share as percentage of total mentions"},{"ancestorTitles":["analyzeResponses","mention share calculation"],"duration":1,"failing":false,"failureDetails":[],"failureMessages":[],"fullName":"analyzeResponses mention share calculation should handle zero total mentions","invocations":1,"location":null,"numPassingAsserts":1,"retryReasons":[],"startAt":1767375564398,"status":"passed","title":"should handle zero total mentions"},{"ancestorTitles":["analyzeResponses","flexible brand matching"],"duration":1,"failing":false,"failureDetails":[],"failureMessages":[],"fullName":"analyzeResponses flexible brand matching should match brands with hyphens flexibly","invocations":1,"location":null,"numPassingAsserts":1,"retryReasons":[],"startAt":1767375564399,"status":"passed","title":"should match brands with hyphens flexibly"},{"ancestorTitles":["analyzeResponses","flexible brand matching"],"duration":4,"failing":false,"failureDetails":[{"matcherResult":{"actual":1,"expected":2,"message":"\u001b[2mexpect(\u001b[22m\u001b[31mreceived\u001b[39m\u001b[2m).\u001b[22mtoBe\u001b[2m(\u001b[22m\u001b[32mexpected\u001b[39m\u001b[2m) // Object.is equality\u001b[22m\n\nExpected: \u001b[32m2\u001b[39m\nReceived: \u001b[31m1\u001b[39m","name":"toBe","pass":false}}],"failureMessages":["Error: \u001b[2mexpect(\u001b[22m\u001b[31mreceived\u001b[39m\u001b[2m).\u001b[22mtoBe\u001b[2m(\u001b[22m\u001b[32mexpected\u001b[39m\u001b[2m) // Object.is equality\u001b[22m\n\nExpected: \u001b[32m2\u001b[39m\nReceived: \u001b[31m1\u001b[39m\n    at Object.toBe (/workspaces/aimetrics/tests/unit/services/analyzer.spec.ts:104:31)\n    at Promise.finally.completed (/workspaces/aimetrics/node_modules/jest-circus/build/jestAdapterInit.js:1557:28)\n    at new Promise (<anonymous>)\n    at callAsyncCircusFn (/workspaces/aimetrics/node_modules/jest-circus/build/jestAdapterInit.js:1497:10)\n    at _callCircusTest (/workspaces/aimetrics/node_modules/jest-circus/build/jestAdapterInit.js:1007:40)\n    at processTicksAndRejections (node:internal/process/task_queues:103:5)\n    at _runTest (/workspaces/aimetrics/node_modules/jest-circus/build/jestAdapterInit.js:947:3)\n    at /workspaces/aimetrics/node_modules/jest-circus/build/jestAdapterInit.js:849:7\n    at _runTestsForDescribeBlock (/workspaces/aimetrics/node_modules/jest-circus/build/jestAdapterInit.js:862:11)\n    at _runTestsForDescribeBlock (/workspaces/aimetrics/node_modules/jest-circus/build/jestAdapterInit.js:857:11)\n    at _runTestsForDescribeBlock (/workspaces/aimetrics/node_modules/jest-circus/build/jestAdapterInit.js:857:11)\n    at run (/workspaces/aimetrics/node_modules/jest-circus/build/jestAdapterInit.js:761:3)\n    at runAndTransformResultsToJestFormat (/workspaces/aimetrics/node_modules/jest-circus/build/jestAdapterInit.js:1918:21)\n    at jestAdapter (/workspaces/aimetrics/node_modules/jest-circus/build/runner.js:101:19)\n    at runTestInternal (/workspaces/aimetrics/node_modules/jest-runner/build/testWorker.js:275:16)\n    at runTest (/workspaces/aimetrics/node_modules/jest-runner/build/testWorker.js:343:7)\n    at Object.worker (/workspaces/aimetrics/node_modules/jest-runner/build/testWorker.js:497:12)"],"fullName":"analyzeResponses flexible brand matching should match CamelCase brands with spaces","invocations":1,"location":null,"numPassingAsserts":0,"retryReasons":[],"startAt":1767375564400,"status":"failed","title":"should match CamelCase brands with spaces"},{"ancestorTitles":["analyzeResponses","confidence levels"],"duration":1,"failing":false,"failureDetails":[],"failureMessages":[],"fullName":"analyzeResponses confidence levels should return low confidence for less than 5 prompts","invocations":1,"location":null,"numPassingAsserts":1,"retryReasons":[],"startAt":1767375564422,"status":"passed","title":"should return low confidence for less than 5 prompts"},{"ancestorTitles":["analyzeResponses","confidence levels"],"duration":1,"failing":false,"failureDetails":[],"failureMessages":[],"fullName":"analyzeResponses confidence levels should return directional confidence for 5-29 prompts","invocations":1,"location":null,"numPassingAsserts":1,"retryReasons":[],"startAt":1767375564423,"status":"passed","title":"should return directional confidence for 5-29 prompts"},{"ancestorTitles":["analyzeResponses","confidence levels"],"duration":1,"failing":false,"failureDetails":[],"failureMessages":[],"fullName":"analyzeResponses confidence levels should return high confidence for 30+ prompts","invocations":1,"location":null,"numPassingAsserts":1,"retryReasons":[],"startAt":1767375564424,"status":"passed","title":"should return high confidence for 30+ prompts"},{"ancestorTitles":["analyzeResponses","URL extraction"],"duration":3,"failing":false,"failureDetails":[],"failureMessages":[],"fullName":"analyzeResponses URL extraction should extract URLs from responses","invocations":1,"location":null,"numPassingAsserts":3,"retryReasons":[],"startAt":1767375564426,"status":"passed","title":"should extract URLs from responses"},{"ancestorTitles":["analyzeResponses","URL extraction"],"duration":1,"failing":false,"failureDetails":[],"failureMessages":[],"fullName":"analyzeResponses URL extraction should extract domains correctly","invocations":1,"location":null,"numPassingAsserts":1,"retryReasons":[],"startAt":1767375564429,"status":"passed","title":"should extract domains correctly"},{"ancestorTitles":["analyzeResponses","URL extraction"],"duration":1,"failing":false,"failureDetails":[],"failureMessages":[],"fullName":"analyzeResponses URL extraction should clean trailing punctuation from URLs","invocations":1,"location":null,"numPassingAsserts":2,"retryReasons":[],"startAt":1767375564430,"status":"passed","title":"should clean trailing punctuation from URLs"},{"ancestorTitles":["analyzeResponses","URL extraction"],"duration":1,"failing":false,"failureDetails":[],"failureMessages":[],"fullName":"analyzeResponses URL extraction should count duplicate URLs","invocations":1,"location":null,"numPassingAsserts":1,"retryReasons":[],"startAt":1767375564431,"status":"passed","title":"should count duplicate URLs"},{"ancestorTitles":["analyzeResponses","prompt results"],"duration":1,"failing":false,"failureDetails":[],"failureMessages":[],"fullName":"analyzeResponses prompt results should track brands mentioned per prompt","invocations":1,"location":null,"numPassingAsserts":2,"retryReasons":[],"startAt":1767375564432,"status":"passed","title":"should track brands mentioned per prompt"},{"ancestorTitles":["analyzeResponses","prompt results"],"duration":0,"failing":false,"failureDetails":[],"failureMessages":[],"fullName":"analyzeResponses prompt results should identify first mention per prompt","invocations":1,"location":null,"numPassingAsserts":1,"retryReasons":[],"startAt":1767375564433,"status":"passed","title":"should identify first mention per prompt"},{"ancestorTitles":["analyzeResponses","sorting"],"duration":1,"failing":false,"failureDetails":[],"failureMessages":[],"fullName":"analyzeResponses sorting should sort brands by prompt coverage descending","invocations":1,"location":null,"numPassingAsserts":3,"retryReasons":[],"startAt":1767375564434,"status":"passed","title":"should sort brands by prompt coverage descending"},{"ancestorTitles":["analyzeResponses","sorting"],"duration":1,"failing":false,"failureDetails":[],"failureMessages":[],"fullName":"analyzeResponses sorting should use mentions as secondary sort","invocations":1,"location":null,"numPassingAsserts":1,"retryReasons":[],"startAt":1767375564435,"status":"passed","title":"should use mentions as secondary sort"},{"ancestorTitles":["analyzeResponses","sorting"],"duration":0,"failing":false,"failureDetails":[],"failureMessages":[],"fullName":"analyzeResponses sorting should use alphabetical order as tertiary sort","invocations":1,"location":null,"numPassingAsserts":1,"retryReasons":[],"startAt":1767375564436,"status":"passed","title":"should use alphabetical order as tertiary sort"},{"ancestorTitles":["analyzeResponses","mentions per prompt"],"duration":1,"failing":false,"failureDetails":[],"failureMessages":[],"fullName":"analyzeResponses mentions per prompt should calculate average mentions per prompt where brand appears","invocations":1,"location":null,"numPassingAsserts":1,"retryReasons":[],"startAt":1767375564436,"status":"passed","title":"should calculate average mentions per prompt where brand appears"},{"ancestorTitles":["analyzeResponses","first mention rate"],"duration":0,"failing":false,"failureDetails":[],"failureMessages":[],"fullName":"analyzeResponses first mention rate should calculate percentage of prompts where mentioned first","invocations":1,"location":null,"numPassingAsserts":1,"retryReasons":[],"startAt":1767375564437,"status":"passed","title":"should calculate percentage of prompts where mentioned first"},{"ancestorTitles":["analyzeResponses","context extraction"],"duration":0,"failing":false,"failureDetails":[],"failureMessages":[],"fullName":"analyzeResponses context extraction should extract context around brand mentions","invocations":1,"location":null,"numPassingAsserts":2,"retryReasons":[],"startAt":1767375564438,"status":"passed","title":"should extract context around brand mentions"},{"ancestorTitles":["analyzeResponses","edge cases"],"duration":1,"failing":false,"failureDetails":[],"failureMessages":[],"fullName":"analyzeResponses edge cases should handle empty brand list","invocations":1,"location":null,"numPassingAsserts":2,"retryReasons":[],"startAt":1767375564438,"status":"passed","title":"should handle empty brand list"},{"ancestorTitles":["analyzeResponses","edge cases"],"duration":1,"failing":false,"failureDetails":[],"failureMessages":[],"fullName":"analyzeResponses edge cases should handle special characters in brand names","invocations":1,"location":null,"numPassingAsserts":2,"retryReasons":[],"startAt":1767375564439,"status":"passed","title":"should handle special characters in brand names"},{"ancestorTitles":["analyzeResponses","edge cases"],"duration":1,"failing":false,"failureDetails":[],"failureMessages":[],"fullName":"analyzeResponses edge cases should handle very long responses","invocations":1,"location":null,"numPassingAsserts":1,"retryReasons":[],"startAt":1767375564440,"status":"passed","title":"should handle very long responses"}],"endTime":1767375564476,"message":"\u001b[1m\u001b[31m  \u001b[1m● \u001b[22m\u001b[1manalyzeResponses › flexible brand matching › should match CamelCase brands with spaces\u001b[39m\u001b[22m\n\n    \u001b[2mexpect(\u001b[22m\u001b[31mreceived\u001b[39m\u001b[2m).\u001b[22mtoBe\u001b[2m(\u001b[22m\u001b[32mexpected\u001b[39m\u001b[2m) // Object.is equality\u001b[22m\n\n    Expected: \u001b[32m2\u001b[39m\n    Received: \u001b[31m1\u001b[39m\n\u001b[2m\u001b[22m\n\u001b[2m    \u001b[0m \u001b[90m 102 |\u001b[39m\u001b[22m\n\u001b[2m     \u001b[90m 103 |\u001b[39m       \u001b[36mconst\u001b[39m brand \u001b[33m=\u001b[39m result\u001b[33m.\u001b[39mbrands\u001b[33m.\u001b[39mfind(b \u001b[33m=>\u001b[39m b\u001b[33m.\u001b[39mname \u001b[33m===\u001b[39m \u001b[32m'OpenAI'\u001b[39m)\u001b[33m;\u001b[39m\u001b[22m\n\u001b[2m    \u001b[31m\u001b[1m>\u001b[22m\u001b[2m\u001b[39m\u001b[90m 104 |\u001b[39m       expect(brand\u001b[33m?\u001b[39m\u001b[33m.\u001b[39mmentions)\u001b[33m.\u001b[39mtoBe(\u001b[35m2\u001b[39m)\u001b[33m;\u001b[39m\u001b[22m\n\u001b[2m     \u001b[90m     |\u001b[39m                               \u001b[31m\u001b[1m^\u001b[22m\u001b[2m\u001b[39m\u001b[22m\n\u001b[2m     \u001b[90m 105 |\u001b[39m     })\u001b[33m;\u001b[39m\u001b[22m\n\u001b[2m     \u001b[90m 106 |\u001b[39m   })\u001b[33m;\u001b[39m\u001b[22m\n\u001b[2m     \u001b[90m 107 |\u001b[39m\u001b[0m\u001b[22m\n\u001b[2m\u001b[22m\n\u001b[2m      \u001b[2mat Object.toBe (\u001b[22m\u001b[2m\u001b[0m\u001b[36mtests/unit/services/analyzer.spec.ts\u001b[39m\u001b[0m\u001b[2m:104:31)\u001b[22m\u001b[2m\u001b[22m\n","name":"/workspaces/aimetrics/tests/unit/services/analyzer.spec.ts","startTime":1767375563953,"status":"failed","summary":""},{"assertionResults":[{"ancestorTitles":["Leaderboard"],"duration":127,"failing":false,"failureDetails":[{"name":"TestingLibraryElementError"}],"failureMessages":["TestingLibraryElementError: Found multiple elements with the text: First\n\nHere are the matching elements:\n\nIgnored nodes: comments, script, style\n\u001b[36m<span\u001b[39m\n  \u001b[33mclass\u001b[39m=\u001b[32m\"font-medium text-sm text-slate-900 dark:text-slate-200\"\u001b[39m\n\u001b[36m>\u001b[39m\n  \u001b[0mFirst\u001b[0m\n\u001b[36m</span>\u001b[39m\n\nIgnored nodes: comments, script, style\n\u001b[36m<h3\u001b[39m\n  \u001b[33mclass\u001b[39m=\u001b[32m\"font-semibold text-slate-900 dark:text-slate-100 mb-1\"\u001b[39m\n\u001b[36m>\u001b[39m\n  \u001b[0mFirst\u001b[0m\n\u001b[36m</h3>\u001b[39m\n\n(If this is intentional, then use the `*AllBy*` variant of the query (like `queryAllByText`, `getAllByText`, or `findAllByText`)).\n\nIgnored nodes: comments, script, style\n\u001b[36m<body>\u001b[39m\n  \u001b[36m<div>\u001b[39m\n    \u001b[36m<div\u001b[39m\n      \u001b[33mclass\u001b[39m=\u001b[32m\"text-card-foreground flex flex-col gap-6 py-6 border border-slate-200 shadow-sm bg-white dark:bg-slate-900 rounded-xl overflow-hidden\"\u001b[39m\n      \u001b[33mdata-slot\u001b[39m=\u001b[32m\"card\"\u001b[39m\n    \u001b[36m>\u001b[39m\n      \u001b[36m<div\u001b[39m\n        \u001b[33mclass\u001b[39m=\u001b[32m\"@container/card-header grid auto-rows-min grid-rows-[auto_auto] items-start gap-2 px-6 has-data-[slot=card-action]:grid-cols-[1fr_auto] [.border-b]:pb-6 pb-0 border-b border-slate-100 dark:border-slate-800 bg-white dark:bg-slate-900\"\u001b[39m\n        \u001b[33mdata-slot\u001b[39m=\u001b[32m\"card-header\"\u001b[39m\n      \u001b[36m>\u001b[39m\n        \u001b[36m<div\u001b[39m\n          \u001b[33mclass\u001b[39m=\u001b[32m\"flex flex-col sm:flex-row items-start sm:items-center justify-between gap-3 sm:gap-4 py-4 px-2 sm:px-4\"\u001b[39m\n        \u001b[36m>\u001b[39m\n          \u001b[36m<div\u001b[39m\n            \u001b[33mclass\u001b[39m=\u001b[32m\"flex items-center gap-2 text-lg font-semibold\"\u001b[39m\n            \u001b[33mdata-slot\u001b[39m=\u001b[32m\"card-title\"\u001b[39m\n          \u001b[36m>\u001b[39m\n            \u001b[36m<span\u001b[39m\n              \u001b[33mdata-testid\u001b[39m=\u001b[32m\"medal-icon\"\u001b[39m\n            \u001b[36m>\u001b[39m\n              \u001b[0mMedal\u001b[0m\n            \u001b[36m</span>\u001b[39m\n            \u001b[36m<div>\u001b[39m\n              \u001b[36m<h3\u001b[39m\n                \u001b[33mclass\u001b[39m=\u001b[32m\"text-slate-900 dark:text-slate-100\"\u001b[39m\n              \u001b[36m>\u001b[39m\n                \u001b[0mBrand Leaderboard\u001b[0m\n              \u001b[36m</h3>\u001b[39m\n            \u001b[36m</div>\u001b[39m\n          \u001b[36m</div>\u001b[39m\n          \u001b[36m<span\u001b[39m\n            \u001b[33mclass\u001b[39m=\u001b[32m\"inline-flex items-center justify-center rounded-md border px-2 py-0.5 w-fit shrink-0 [&>svg]:size-3 gap-1 [&>svg]:pointer-events-none focus-visible:border-ring focus-visible:ring-ring/50 focus-visible:ring-[3px] aria-invalid:ring-destructive/20 dark:aria-invalid:ring-destructive/40 aria-invalid:border-destructive transition-[color,box-shadow] overflow-hidden [a&]:hover:bg-accent [a&]:hover:text-accent-foreground bg-white dark:bg-slate-800 text-slate-500 font-normal border-slate-200 text-xs whitespace-nowrap\"\u001b[39m\n            \u001b[33mdata-slot\u001b[39m=\u001b[32m\"badge\"\u001b[39m\n          \u001b[36m>\u001b[39m\n            \u001b[0mSorted by Prompt Coverage\u001b[0m\n          \u001b[36m</span>\u001b[39m\n        \u001b[36m</div>\u001b[39m\n      \u001b[36m</div>\u001b[39m\n      \u001b[36m<div\u001b[39m\n        \u001b[33mclass\u001b[39m=\u001b[32m\"p-0\"\u001b[39m\n        \u001b[33mdata-slot\u001b[39m=\u001b[32m\"card-content\"\u001b[39m\n      \u001b[36m>\u001b[39m\n        \u001b[36m<div\u001b[39m\n          \u001b[33mclass\u001b[39m=\u001b[32m\"hidden sm:block overflow-x-auto\"\u001b[39m\n        \u001b[36m>\u001b[39m\n          \u001b[36m<div\u001b[39m\n            \u001b[33mclass\u001b[39m=\u001b[32m\"relative w-full overflow-x-auto\"\u001b[39m\n            \u001b[33mdata-slot\u001b[39m=\u001b[32m\"table-container\"\u001b[39m\n          \u001b[36m>\u001b[39m\n            \u001b[36m<table\u001b[39m\n              \u001b[33mclass\u001b[39m=\u001b[32m\"w-full caption-bottom text-sm\"\u001b[39m\n              \u001b[33mdata-slot\u001b[39m=\u001b[32m\"table\"\u001b[39m\n            \u001b[36m>\u001b[39m\n              \u001b[36m<thead\u001b[39m\n                \u001b[33mclass\u001b[39m=\u001b[32m\"[&_tr]:border-b\"\u001b[39m\n                \u001b[33mdata-slot\u001b[39m=\u001b[32m\"table-header\"\u001b[39m\n              \u001b[36m>\u001b[39m\n                \u001b[36m<tr\u001b[39m\n                  \u001b[33mclass\u001b[39m=\u001b[32m\"data-[state=selected]:bg-muted border-b transition-colors border-slate-100 dark:border-slate-800 hover:bg-transparent bg-slate-50/50 dark:bg-slate-900/50\"\u001b[39m\n                  \u001b[33mdata-slot\u001b[39m=\u001b[32m\"table-row\"\u001b[39m\n                \u001b[36m>\u001b[39m\n                  \u001b[36m<th\u001b[39m\n                    \u001b[33mclass\u001b[39m=\u001b[32m\"h-10 px-2 text-left align-middle whitespace-nowrap [&:has([role=checkbox])]:pr-0 [&>[role=checkbox]]:translate-y-[2px] w-16 text-xs font-medium uppercase tracking-wider text-slate-500 dark:text-slate-400 pl-4 sm:pl-6 py-4\"\u001b[39m\n                    \u001b[33mdata-slot\u001b[39m=\u001b[32m\"table-head\"\u001b[39m\n                  \u001b[36m>\u001b[39m\n                    \u001b[0mRank\u001b[0m\n                  \u001b[36m</th>\u001b[39m\n                  \u001b[36m<th\u001b[39m\n                    \u001b[33mclass\u001b[39m=\u001b[32m\"h-10 text-left align-middle whitespace-nowrap [&:has([role=checkbox])]:pr-0 [&>[role=checkbox]]:translate-y-[2px] text-xs font-medium uppercase tracking-wider text-slate-500 dark:text-slate-400 px-3 py-4\"\u001b[39m\n                    \u001b[33mdata-slot\u001b[39m=\u001b[32m\"table-head\"\u001b[39m\n                  \u001b[36m>\u001b[39m\n                    \u001b[0mBrand\u001b[0m\n                  \u001b[36m</th>\u001b[39m\n                  \u001b[36m<th\u001b[39m\n                    \u001b[33mclass\u001b[39m=\u001b[32m\"h-10 text-left align-middle whitespace-nowrap [&:has([role=checkbox])]:pr-0 [&>[role=checkbox]]:translate-y-[2px] text-xs font-medium uppercase tracking-wider text-slate-500 dark:text-slate-400 px-3 py-4\"\u001b[39m\n                    \u001b[33mdata-slot\u001b[39m=\u001b[32m\"table-head\"\u001b[39m\n                  \u001b[36m>\u001b[39m\n                    \u001b[36m<span\u001b[39m\n                      \u001b[33mtitle\u001b[39m=\u001b[32m\"% of prompts where brand mentioned (PRIMARY)\"\u001b[39m\n                    \u001b[36m>\u001b[39m\n                      \u001b[0mPrompt Coverage\u001b[0m\n                    \u001b[36m</span>\u001b[39m\n                  \u001b[36m</th>\u001b[39m\n                  \u001b[36m<th\u001b[39m\n                    \u001b[33mclass\u001b[39m=\u001b[32m\"h-10 text-left align-middle whitespace-nowrap [&:has([role=checkbox])]:pr-0 [&>[role=checkbox]]:translate-y-[2px] text-xs font-medium uppercase tracking-wider text-slate-500 dark:text-slate-400 px-3 py-4\"\u001b[39m\n                    \u001b[33mdata-slot\u001b[39m=\u001b[32m\"table-head\"\u001b[39m\n                  \u001b[36m>\u001b[39m\n                    \u001b[36m<span\u001b[39m\n                      \u001b[33mtitle\u001b[39m=\u001b[32m\"% of total mentions across all brands\"\u001b[39m\n                    \u001b[36m>\u001b[39m\n                      \u001b[0mMention Share\u001b[0m\n                    \u001b[36m</span>\u001b[39m\n                  \u001b[36m</th>\u001b[39m\n                  \u001b[36m<th\u001b[39m\n                    \u001b[33mclass\u001b[39m=\u001b[32m\"h-10 align-middle whitespace-nowrap [&:has([role=checkbox])]:pr-0 [&>[role=checkbox]]:translate-y-[2px] text-xs font-medium uppercase tracking-wider text-slate-500 dark:text-slate-400 text-center px-3 py-4\"\u001b[39m\n                    \u001b[33mdata-slot\u001b[39m=\u001b[32m\"table-head\"\u001b[39m\n                  \u001b[36m>\u001b[39m\n                    \u001b[36m<span\u001b[39m\n                      \u001b[33mtitle\u001b[39m=\u001b[32m\"Avg mentions per prompt where brand appears\"\u001b[39m\n                    \u001b[36m>\u001b[39m\n                      \u001b[0mDepth\u001b[0m\n                    \u001b[36m</span>\u001b[39m\n                  \u001b[36m</th>\u001b[39m\n                  \u001b[36m<th\u001b[39m\n                    \u001b[33mclass\u001b[39m=\u001b[32m\"h-10 align-middle whitespace-nowrap [&:has([role=checkbox])]:pr-0 [&>[role=checkbox]]:translate-y-[2px] text-xs font-medium uppercase tracking-wider text-slate-500 dark:text-slate-400 text-center px-3 py-4\"\u001b[39m\n                    \u001b[33mdata-slot\u001b[39m=\u001b[32m\"table-head\"\u001b[39m\n                  \u001b[36m>\u001b[39m\n                    \u001b[36m<span\u001b[39m\n                      \u001b[33mtitle\u001b[39m=\u001b[32m\"% of appearances where mentioned first\"\u001b[39m\n                    \u001b[36m>\u001b[39m\n                      \u001b[0m1st Rate\u001b[0m\n                    \u001b[36m</span>\u001b[39m\n                  \u001b[36m</th>\u001b[39m\n                  \u001b[36m<th\u001b[39m\n                    \u001b[33mclass\u001b[39m=\u001b[32m\"h-10 px-2 align-middle whitespace-nowrap [&:has([role=checkbox])]:pr-0 [&>[...\n    at Object.getElementError (/workspaces/aimetrics/node_modules/@testing-library/dom/dist/config.js:37:19)\n    at getElementError (/workspaces/aimetrics/node_modules/@testing-library/dom/dist/query-helpers.js:20:35)\n    at getMultipleElementsFoundError (/workspaces/aimetrics/node_modules/@testing-library/dom/dist/query-helpers.js:23:10)\n    at /workspaces/aimetrics/node_modules/@testing-library/dom/dist/query-helpers.js:55:13\n    at /workspaces/aimetrics/node_modules/@testing-library/dom/dist/query-helpers.js:95:19\n    at Object.getByText (/workspaces/aimetrics/tests/unit/components/dashboard/Leaderboard.spec.tsx:48:19)\n    at Promise.finally.completed (/workspaces/aimetrics/node_modules/jest-circus/build/jestAdapterInit.js:1557:28)\n    at new Promise (<anonymous>)\n    at callAsyncCircusFn (/workspaces/aimetrics/node_modules/jest-circus/build/jestAdapterInit.js:1497:10)\n    at _callCircusTest (/workspaces/aimetrics/node_modules/jest-circus/build/jestAdapterInit.js:1007:40)\n    at processTicksAndRejections (node:internal/process/task_queues:103:5)\n    at _runTest (/workspaces/aimetrics/node_modules/jest-circus/build/jestAdapterInit.js:947:3)\n    at /workspaces/aimetrics/node_modules/jest-circus/build/jestAdapterInit.js:849:7\n    at _runTestsForDescribeBlock (/workspaces/aimetrics/node_modules/jest-circus/build/jestAdapterInit.js:862:11)\n    at _runTestsForDescribeBlock (/workspaces/aimetrics/node_modules/jest-circus/build/jestAdapterInit.js:857:11)\n    at run (/workspaces/aimetrics/node_modules/jest-circus/build/jestAdapterInit.js:761:3)\n    at runAndTransformResultsToJestFormat (/workspaces/aimetrics/node_modules/jest-circus/build/jestAdapterInit.js:1918:21)\n    at jestAdapter (/workspaces/aimetrics/node_modules/jest-circus/build/runner.js:101:19)\n    at runTestInternal (/workspaces/aimetrics/node_modules/jest-runner/build/testWorker.js:275:16)\n    at runTest (/workspaces/aimetrics/node_modules/jest-runner/build/testWorker.js:343:7)\n    at Object.worker (/workspaces/aimetrics/node_modules/jest-runner/build/testWorker.js:497:12)"],"fullName":"Leaderboard lists brand rankings","invocations":1,"location":null,"numPassingAsserts":0,"retryReasons":[],"startAt":1767375564766,"status":"failed","title":"lists brand rankings"},{"ancestorTitles":["Leaderboard"],"duration":7,"failing":false,"failureDetails":[],"failureMessages":[],"fullName":"Leaderboard shows empty state when no brands","invocations":1,"location":null,"numPassingAsserts":1,"retryReasons":[],"startAt":1767375564896,"status":"passed","title":"shows empty state when no brands"}],"endTime":1767375564921,"message":"\u001b[1m\u001b[31m  \u001b[1m● \u001b[22m\u001b[1mLeaderboard › lists brand rankings\u001b[39m\u001b[22m\n\n    TestingLibraryElementError: Found multiple elements with the text: First\n\n    Here are the matching elements:\n\n    Ignored nodes: comments, script, style\n    \u001b[36m<span\u001b[39m\n      \u001b[33mclass\u001b[39m=\u001b[32m\"font-medium text-sm text-slate-900 dark:text-slate-200\"\u001b[39m\n    \u001b[36m>\u001b[39m\n      \u001b[0mFirst\u001b[0m\n    \u001b[36m</span>\u001b[39m\n\n    Ignored nodes: comments, script, style\n    \u001b[36m<h3\u001b[39m\n      \u001b[33mclass\u001b[39m=\u001b[32m\"font-semibold text-slate-900 dark:text-slate-100 mb-1\"\u001b[39m\n    \u001b[36m>\u001b[39m\n      \u001b[0mFirst\u001b[0m\n    \u001b[36m</h3>\u001b[39m\n\n    (If this is intentional, then use the `*AllBy*` variant of the query (like `queryAllByText`, `getAllByText`, or `findAllByText`)).\n\n    Ignored nodes: comments, script, style\n    \u001b[36m<body>\u001b[39m\n      \u001b[36m<div>\u001b[39m\n        \u001b[36m<div\u001b[39m\n          \u001b[33mclass\u001b[39m=\u001b[32m\"text-card-foreground flex flex-col gap-6 py-6 border border-slate-200 shadow-sm bg-white dark:bg-slate-900 rounded-xl overflow-hidden\"\u001b[39m\n          \u001b[33mdata-slot\u001b[39m=\u001b[32m\"card\"\u001b[39m\n        \u001b[36m>\u001b[39m\n          \u001b[36m<div\u001b[39m\n            \u001b[33mclass\u001b[39m=\u001b[32m\"@container/card-header grid auto-rows-min grid-rows-[auto_auto] items-start gap-2 px-6 has-data-[slot=card-action]:grid-cols-[1fr_auto] [.border-b]:pb-6 pb-0 border-b border-slate-100 dark:border-slate-800 bg-white dark:bg-slate-900\"\u001b[39m\n            \u001b[33mdata-slot\u001b[39m=\u001b[32m\"card-header\"\u001b[39m\n          \u001b[36m>\u001b[39m\n            \u001b[36m<div\u001b[39m\n              \u001b[33mclass\u001b[39m=\u001b[32m\"flex flex-col sm:flex-row items-start sm:items-center justify-between gap-3 sm:gap-4 py-4 px-2 sm:px-4\"\u001b[39m\n            \u001b[36m>\u001b[39m\n              \u001b[36m<div\u001b[39m\n                \u001b[33mclass\u001b[39m=\u001b[32m\"flex items-center gap-2 text-lg font-semibold\"\u001b[39m\n                \u001b[33mdata-slot\u001b[39m=\u001b[32m\"card-title\"\u001b[39m\n              \u001b[36m>\u001b[39m\n                \u001b[36m<span\u001b[39m\n                  \u001b[33mdata-testid\u001b[39m=\u001b[32m\"medal-icon\"\u001b[39m\n                \u001b[36m>\u001b[39m\n                  \u001b[0mMedal\u001b[0m\n                \u001b[36m</span>\u001b[39m\n                \u001b[36m<div>\u001b[39m\n                  \u001b[36m<h3\u001b[39m\n                    \u001b[33mclass\u001b[39m=\u001b[32m\"text-slate-900 dark:text-slate-100\"\u001b[39m\n                  \u001b[36m>\u001b[39m\n                    \u001b[0mBrand Leaderboard\u001b[0m\n                  \u001b[36m</h3>\u001b[39m\n                \u001b[36m</div>\u001b[39m\n              \u001b[36m</div>\u001b[39m\n              \u001b[36m<span\u001b[39m\n                \u001b[33mclass\u001b[39m=\u001b[32m\"inline-flex items-center justify-center rounded-md border px-2 py-0.5 w-fit shrink-0 [&>svg]:size-3 gap-1 [&>svg]:pointer-events-none focus-visible:border-ring focus-visible:ring-ring/50 focus-visible:ring-[3px] aria-invalid:ring-destructive/20 dark:aria-invalid:ring-destructive/40 aria-invalid:border-destructive transition-[color,box-shadow] overflow-hidden [a&]:hover:bg-accent [a&]:hover:text-accent-foreground bg-white dark:bg-slate-800 text-slate-500 font-normal border-slate-200 text-xs whitespace-nowrap\"\u001b[39m\n                \u001b[33mdata-slot\u001b[39m=\u001b[32m\"badge\"\u001b[39m\n              \u001b[36m>\u001b[39m\n                \u001b[0mSorted by Prompt Coverage\u001b[0m\n              \u001b[36m</span>\u001b[39m\n            \u001b[36m</div>\u001b[39m\n          \u001b[36m</div>\u001b[39m\n          \u001b[36m<div\u001b[39m\n            \u001b[33mclass\u001b[39m=\u001b[32m\"p-0\"\u001b[39m\n            \u001b[33mdata-slot\u001b[39m=\u001b[32m\"card-content\"\u001b[39m\n          \u001b[36m>\u001b[39m\n            \u001b[36m<div\u001b[39m\n              \u001b[33mclass\u001b[39m=\u001b[32m\"hidden sm:block overflow-x-auto\"\u001b[39m\n            \u001b[36m>\u001b[39m\n              \u001b[36m<div\u001b[39m\n                \u001b[33mclass\u001b[39m=\u001b[32m\"relative w-full overflow-x-auto\"\u001b[39m\n                \u001b[33mdata-slot\u001b[39m=\u001b[32m\"table-container\"\u001b[39m\n              \u001b[36m>\u001b[39m\n                \u001b[36m<table\u001b[39m\n                  \u001b[33mclass\u001b[39m=\u001b[32m\"w-full caption-bottom text-sm\"\u001b[39m\n                  \u001b[33mdata-slot\u001b[39m=\u001b[32m\"table\"\u001b[39m\n                \u001b[36m>\u001b[39m\n                  \u001b[36m<thead\u001b[39m\n                    \u001b[33mclass\u001b[39m=\u001b[32m\"[&_tr]:border-b\"\u001b[39m\n                    \u001b[33mdata-slot\u001b[39m=\u001b[32m\"table-header\"\u001b[39m\n                  \u001b[36m>\u001b[39m\n                    \u001b[36m<tr\u001b[39m\n                      \u001b[33mclass\u001b[39m=\u001b[32m\"data-[state=selected]:bg-muted border-b transition-colors border-slate-100 dark:border-slate-800 hover:bg-transparent bg-slate-50/50 dark:bg-slate-900/50\"\u001b[39m\n                      \u001b[33mdata-slot\u001b[39m=\u001b[32m\"table-row\"\u001b[39m\n                    \u001b[36m>\u001b[39m\n                      \u001b[36m<th\u001b[39m\n                        \u001b[33mclass\u001b[39m=\u001b[32m\"h-10 px-2 text-left align-middle whitespace-nowrap [&:has([role=checkbox])]:pr-0 [&>[role=checkbox]]:translate-y-[2px] w-16 text-xs font-medium uppercase tracking-wider text-slate-500 dark:text-slate-400 pl-4 sm:pl-6 py-4\"\u001b[39m\n                        \u001b[33mdata-slot\u001b[39m=\u001b[32m\"table-head\"\u001b[39m\n                      \u001b[36m>\u001b[39m\n                        \u001b[0mRank\u001b[0m\n                      \u001b[36m</th>\u001b[39m\n                      \u001b[36m<th\u001b[39m\n                        \u001b[33mclass\u001b[39m=\u001b[32m\"h-10 text-left align-middle whitespace-nowrap [&:has([role=checkbox])]:pr-0 [&>[role=checkbox]]:translate-y-[2px] text-xs font-medium uppercase tracking-wider text-slate-500 dark:text-slate-400 px-3 py-4\"\u001b[39m\n                        \u001b[33mdata-slot\u001b[39m=\u001b[32m\"table-head\"\u001b[39m\n                      \u001b[36m>\u001b[39m\n                        \u001b[0mBrand\u001b[0m\n                      \u001b[36m</th>\u001b[39m\n                      \u001b[36m<th\u001b[39m\n                        \u001b[33mclass\u001b[39m=\u001b[32m\"h-10 text-left align-middle whitespace-nowrap [&:has([role=checkbox])]:pr-0 [&>[role=checkbox]]:translate-y-[2px] text-xs font-medium uppercase tracking-wider text-slate-500 dark:text-slate-400 px-3 py-4\"\u001b[39m\n                        \u001b[33mdata-slot\u001b[39m=\u001b[32m\"table-head\"\u001b[39m\n                      \u001b[36m>\u001b[39m\n                        \u001b[36m<span\u001b[39m\n                          \u001b[33mtitle\u001b[39m=\u001b[32m\"% of prompts where brand mentioned (PRIMARY)\"\u001b[39m\n                        \u001b[36m>\u001b[39m\n                          \u001b[0mPrompt Coverage\u001b[0m\n                        \u001b[36m</span>\u001b[39m\n                      \u001b[36m</th>\u001b[39m\n                      \u001b[36m<th\u001b[39m\n                        \u001b[33mclass\u001b[39m=\u001b[32m\"h-10 text-left align-middle whitespace-nowrap [&:has([role=checkbox])]:pr-0 [&>[role=checkbox]]:translate-y-[2px] text-xs font-medium uppercase tracking-wider text-slate-500 dark:text-slate-400 px-3 py-4\"\u001b[39m\n                        \u001b[33mdata-slot\u001b[39m=\u001b[32m\"table-head\"\u001b[39m\n                      \u001b[36m>\u001b[39m\n                        \u001b[36m<span\u001b[39m\n                          \u001b[33mtitle\u001b[39m=\u001b[32m\"% of total mentions across all brands\"\u001b[39m\n                        \u001b[36m>\u001b[39m\n                          \u001b[0mMention Share\u001b[0m\n                        \u001b[36m</span>\u001b[39m\n                      \u001b[36m</th>\u001b[39m\n                      \u001b[36m<th\u001b[39m\n                        \u001b[33mclass\u001b[39m=\u001b[32m\"h-10 align-middle whitespace-nowrap [&:has([role=checkbox])]:pr-0 [&>[role=checkbox]]:translate-y-[2px] text-xs font-medium uppercase tracking-wider text-slate-500 dark:text-slate-400 text-center px-3 py-4\"\u001b[39m\n                        \u001b[33mdata-slot\u001b[39m=\u001b[32m\"table-head\"\u001b[39m\n                      \u001b[36m>\u001b[39m\n                        \u001b[36m<span\u001b[39m\n                          \u001b[33mtitle\u001b[39m=\u001b[32m\"Avg mentions per prompt where brand appears\"\u001b[39m\n                        \u001b[36m>\u001b[39m\n                          \u001b[0mDepth\u001b[0m\n                        \u001b[36m</span>\u001b[39m\n                      \u001b[36m</th>\u001b[39m\n                      \u001b[36m<th\u001b[39m\n                        \u001b[33mclass\u001b[39m=\u001b[32m\"h-10 align-middle whitespace-nowrap [&:has([role=checkbox])]:pr-0 [&>[role=checkbox]]:translate-y-[2px] text-xs font-medium uppercase tracking-wider text-slate-500 dark:text-slate-400 text-center px-3 py-4\"\u001b[39m\n                        \u001b[33mdata-slot\u001b[39m=\u001b[32m\"table-head\"\u001b[39m\n                      \u001b[36m>\u001b[39m\n                        \u001b[36m<span\u001b[39m\n                          \u001b[33mtitle\u001b[39m=\u001b[32m\"% of appearances where mentioned first\"\u001b[39m\n                        \u001b[36m>\u001b[39m\n                          \u001b[0m1st Rate\u001b[0m\n                        \u001b[36m</span>\u001b[39m\n                      \u001b[36m</th>\u001b[39m\n                      \u001b[36m<th\u001b[39m\n                        \u001b[33mclass\u001b[39m=\u001b[32m\"h-10 px-2 align-middle whitespace-nowrap [&:has([role=checkbox])]:pr-0 [&>[...\n\u001b[2m\u001b[22m\n\u001b[2m    \u001b[0m \u001b[90m 46 |\u001b[39m   it(\u001b[32m'lists brand rankings'\u001b[39m\u001b[33m,\u001b[39m () \u001b[33m=>\u001b[39m {\u001b[22m\n\u001b[2m     \u001b[90m 47 |\u001b[39m     render(\u001b[33m<\u001b[39m\u001b[33mLeaderboard\u001b[39m brands\u001b[33m=\u001b[39m{brands} totalPrompts\u001b[33m=\u001b[39m{\u001b[35m10\u001b[39m} \u001b[33m/\u001b[39m\u001b[33m>\u001b[39m)\u001b[33m;\u001b[39m\u001b[22m\n\u001b[2m    \u001b[31m\u001b[1m>\u001b[22m\u001b[2m\u001b[39m\u001b[90m 48 |\u001b[39m     expect(screen\u001b[33m.\u001b[39mgetByText(\u001b[32m'First'\u001b[39m))\u001b[33m.\u001b[39mtoBeInTheDocument()\u001b[33m;\u001b[39m\u001b[22m\n\u001b[2m     \u001b[90m    |\u001b[39m                   \u001b[31m\u001b[1m^\u001b[22m\u001b[2m\u001b[39m\u001b[22m\n\u001b[2m     \u001b[90m 49 |\u001b[39m     expect(screen\u001b[33m.\u001b[39mgetByText(\u001b[32m'Second'\u001b[39m))\u001b[33m.\u001b[39mtoBeInTheDocument()\u001b[33m;\u001b[39m\u001b[22m\n\u001b[2m     \u001b[90m 50 |\u001b[39m   })\u001b[33m;\u001b[39m\u001b[22m\n\u001b[2m     \u001b[90m 51 |\u001b[39m\u001b[0m\u001b[22m\n\u001b[2m\u001b[22m\n\u001b[2m      \u001b[2mat Object.getElementError (\u001b[22m\u001b[2mnode_modules/@testing-library/dom/dist/config.js\u001b[2m:37:19)\u001b[22m\u001b[2m\u001b[22m\n\u001b[2m      \u001b[2mat getElementError (\u001b[22m\u001b[2mnode_modules/@testing-library/dom/dist/query-helpers.js\u001b[2m:20:35)\u001b[22m\u001b[2m\u001b[22m\n\u001b[2m      \u001b[2mat getMultipleElementsFoundError (\u001b[22m\u001b[2mnode_modules/@testing-library/dom/dist/query-helpers.js\u001b[2m:23:10)\u001b[22m\u001b[2m\u001b[22m\n\u001b[2m      \u001b[2mat \u001b[22m\u001b[2mnode_modules/@testing-library/dom/dist/query-helpers.js\u001b[2m:55:13\u001b[22m\u001b[2m\u001b[22m\n\u001b[2m      \u001b[2mat \u001b[22m\u001b[2mnode_modules/@testing-library/dom/dist/query-helpers.js\u001b[2m:95:19\u001b[22m\u001b[2m\u001b[22m\n\u001b[2m      \u001b[2mat Object.getByText (\u001b[22m\u001b[2m\u001b[0m\u001b[36mtests/unit/components/dashboard/Leaderboard.spec.tsx\u001b[39m\u001b[0m\u001b[2m:48:19)\u001b[22m\u001b[2m\u001b[22m\n","name":"/workspaces/aimetrics/tests/unit/components/dashboard/Leaderboard.spec.tsx","startTime":1767375564514,"status":"failed","summary":""},{"assertionResults":[{"ancestorTitles":["ChatInterface - extended coverage","empty state"],"duration":82,"failing":false,"failureDetails":[{"name":"TestingLibraryElementError"}],"failureMessages":["TestingLibraryElementError: Unable to find an element with the text: Alpha. This could be because the text is broken up by multiple elements. In this case, you can provide a function for your text matcher to make your matcher more flexible.\n\nIgnored nodes: comments, script, style\n\u001b[36m<body>\u001b[39m\n  \u001b[36m<div>\u001b[39m\n    \u001b[36m<div\u001b[39m\n      \u001b[33mclass\u001b[39m=\u001b[32m\"text-card-foreground gap-6 py-6 border border-slate-200 shadow-sm bg-white dark:bg-slate-900 flex flex-col h-full rounded-xl overflow-hidden\"\u001b[39m\n      \u001b[33mdata-slot\u001b[39m=\u001b[32m\"card\"\u001b[39m\n    \u001b[36m>\u001b[39m\n      \u001b[36m<div\u001b[39m\n        \u001b[33mclass\u001b[39m=\u001b[32m\"p-0 flex flex-col h-full overflow-hidden bg-gradient-to-b from-white dark:from-slate-900 to-slate-50/50 dark:to-slate-950/50\"\u001b[39m\n        \u001b[33mdata-slot\u001b[39m=\u001b[32m\"card-content\"\u001b[39m\n      \u001b[36m>\u001b[39m\n        \u001b[36m<div\u001b[39m\n          \u001b[33mclass\u001b[39m=\u001b[32m\"flex-1 overflow-y-auto overflow-x-hidden p-3 sm:p-6 pb-6 sm:pb-6 space-y-4 sm:space-y-5 scrollbar-none [&::-webkit-scrollbar]:hidden [-ms-overflow-style:none]\"\u001b[39m\n        \u001b[36m>\u001b[39m\n          \u001b[36m<div\u001b[39m\n            \u001b[33mclass\u001b[39m=\u001b[32m\"flex flex-col items-center justify-center h-full text-center py-12\"\u001b[39m\n          \u001b[36m>\u001b[39m\n            \u001b[36m<div\u001b[39m\n              \u001b[33mclass\u001b[39m=\u001b[32m\"p-5 rounded-full bg-gradient-to-br from-indigo-50 to-violet-50 dark:from-indigo-950/30 dark:to-violet-950/30 mb-6\"\u001b[39m\n            \u001b[36m>\u001b[39m\n              \u001b[36m<span\u001b[39m\n                \u001b[33mdata-testid\u001b[39m=\u001b[32m\"sparkles-icon\"\u001b[39m\n              \u001b[36m>\u001b[39m\n                \u001b[0mSparkles\u001b[0m\n              \u001b[36m</span>\u001b[39m\n            \u001b[36m</div>\u001b[39m\n            \u001b[36m<h3\u001b[39m\n              \u001b[33mclass\u001b[39m=\u001b[32m\"text-xl font-bold text-slate-900 dark:text-slate-100 mb-2\"\u001b[39m\n            \u001b[36m>\u001b[39m\n              \u001b[0mReady to Analyze\u001b[0m\n            \u001b[36m</h3>\u001b[39m\n            \u001b[36m<p\u001b[39m\n              \u001b[33mclass\u001b[39m=\u001b[32m\"text-sm text-slate-600 dark:text-slate-400 max-w-xs leading-relaxed\"\u001b[39m\n            \u001b[36m>\u001b[39m\n              \u001b[0mAsk questions about your brands. We'll track mentions and update metrics in real-time.\u001b[0m\n            \u001b[36m</p>\u001b[39m\n            \u001b[36m<div\u001b[39m\n              \u001b[33mclass\u001b[39m=\u001b[32m\"flex flex-wrap gap-2 mt-8 justify-center\"\u001b[39m\n            \u001b[36m>\u001b[39m\n              \u001b[36m<span\u001b[39m\n                \u001b[33mclass\u001b[39m=\u001b[32m\"inline-flex items-center justify-center w-fit whitespace-nowrap shrink-0 [&>svg]:size-3 gap-1 [&>svg]:pointer-events-none focus-visible:border-ring focus-visible:ring-ring/50 focus-visible:ring-[3px] aria-invalid:ring-destructive/20 dark:aria-invalid:ring-destructive/40 aria-invalid:border-destructive transition-[color,box-shadow] overflow-hidden border-transparent [a&]:hover:bg-secondary/90 text-xs px-3 py-1.5 rounded-full bg-indigo-100 text-indigo-700 hover:bg-indigo-200 border-0 font-medium\"\u001b[39m\n                \u001b[33mdata-slot\u001b[39m=\u001b[32m\"badge\"\u001b[39m\n              \u001b[36m>\u001b[39m\n                \u001b[0m✓ \u001b[0m\n                \u001b[0mAlpha\u001b[0m\n              \u001b[36m</span>\u001b[39m\n              \u001b[36m<span\u001b[39m\n                \u001b[33mclass\u001b[39m=\u001b[32m\"inline-flex items-center justify-center w-fit whitespace-nowrap shrink-0 [&>svg]:size-3 gap-1 [&>svg]:pointer-events-none focus-visible:border-ring focus-visible:ring-ring/50 focus-visible:ring-[3px] aria-invalid:ring-destructive/20 dark:aria-invalid:ring-destructive/40 aria-invalid:border-destructive transition-[color,box-shadow] overflow-hidden border-transparent [a&]:hover:bg-secondary/90 text-xs px-3 py-1.5 rounded-full bg-indigo-100 text-indigo-700 hover:bg-indigo-200 border-0 font-medium\"\u001b[39m\n                \u001b[33mdata-slot\u001b[39m=\u001b[32m\"badge\"\u001b[39m\n              \u001b[36m>\u001b[39m\n                \u001b[0m✓ \u001b[0m\n                \u001b[0mBeta\u001b[0m\n              \u001b[36m</span>\u001b[39m\n              \u001b[36m<span\u001b[39m\n                \u001b[33mclass\u001b[39m=\u001b[32m\"inline-flex items-center justify-center w-fit whitespace-nowrap shrink-0 [&>svg]:size-3 gap-1 [&>svg]:pointer-events-none focus-visible:border-ring focus-visible:ring-ring/50 focus-visible:ring-[3px] aria-invalid:ring-destructive/20 dark:aria-invalid:ring-destructive/40 aria-invalid:border-destructive transition-[color,box-shadow] overflow-hidden border-transparent [a&]:hover:bg-secondary/90 text-xs px-3 py-1.5 rounded-full bg-indigo-100 text-indigo-700 hover:bg-indigo-200 border-0 font-medium\"\u001b[39m\n                \u001b[33mdata-slot\u001b[39m=\u001b[32m\"badge\"\u001b[39m\n              \u001b[36m>\u001b[39m\n                \u001b[0m✓ \u001b[0m\n                \u001b[0mGamma\u001b[0m\n              \u001b[36m</span>\u001b[39m\n            \u001b[36m</div>\u001b[39m\n          \u001b[36m</div>\u001b[39m\n          \u001b[36m<div />\u001b[39m\n        \u001b[36m</div>\u001b[39m\n        \u001b[36m<div\u001b[39m\n          \u001b[33mclass\u001b[39m=\u001b[32m\"px-3 sm:px-6 pb-3 sm:pb-4 pt-3 sm:pt-4 bg-white dark:bg-slate-900 border-t border-slate-200 dark:border-slate-800\"\u001b[39m\n        \u001b[36m>\u001b[39m\n          \u001b[36m<form\u001b[39m\n            \u001b[33mclass\u001b[39m=\u001b[32m\"relative flex flex-col gap-3\"\u001b[39m\n          \u001b[36m>\u001b[39m\n            \u001b[36m<div\u001b[39m\n              \u001b[33mclass\u001b[39m=\u001b[32m\"flex items-end gap-2 p-3 bg-slate-50 dark:bg-slate-800/70 rounded-2xl border border-slate-200 dark:border-slate-700 focus-within:ring-2 focus-within:ring-indigo-500/30 focus-within:border-indigo-500 transition-all\"\u001b[39m\n            \u001b[36m>\u001b[39m\n              \u001b[36m<textarea\u001b[39m\n                \u001b[33mclass\u001b[39m=\u001b[32m\"border-input focus-visible:border-ring focus-visible:ring-ring/50 aria-invalid:ring-destructive/20 dark:aria-invalid:ring-destructive/40 aria-invalid:border-destructive dark:bg-input/30 flex field-sizing-content w-full rounded-md transition-[color,box-shadow] outline-none disabled:cursor-not-allowed disabled:opacity-50 md:text-sm flex-1 min-h-[36px] sm:min-h-[44px] max-h-32 py-2 sm:py-3 px-1 resize-none bg-transparent border-0 focus-visible:ring-0 shadow-none text-sm placeholder:text-slate-400 dark:placeholder:text-slate-500\"\u001b[39m\n                \u001b[33mdata-slot\u001b[39m=\u001b[32m\"textarea\"\u001b[39m\n                \u001b[33mplaceholder\u001b[39m=\u001b[32m\"Ask questions about your brands...\"\u001b[39m\n                \u001b[33mrows\u001b[39m=\u001b[32m\"1\"\u001b[39m\n                \u001b[33mstyle\u001b[39m=\u001b[32m\"height: auto; overflow: hidden;\"\u001b[39m\n              \u001b[36m/>\u001b[39m\n              \u001b[36m<button\u001b[39m\n                \u001b[33mclass\u001b[39m=\u001b[32m\"inline-flex items-center justify-center gap-2 whitespace-nowrap text-sm font-medium disabled:pointer-events-none [&_svg]:pointer-events-none [&_svg:not([class*='size-'])]:size-4 shrink-0 [&_svg]:shrink-0 outline-none focus-visible:border-ring focus-visible:ring-ring/50 focus-visible:ring-[3px] aria-invalid:ring-destructive/20 dark:aria-invalid:ring-destructive/40 aria-invalid:border-destructive hover:bg-primary/90 size-9 h-9 w-9 rounded-xl flex-shrink-0 bg-gradient-to-r from-indigo-600 to-violet-600 hover:from-indigo-700 hover:to-violet-700 text-white shadow-sm transition-all disabled:opacity-50\"\u001b[39m\n                \u001b[33mdata-size\u001b[39m=\u001b[32m\"icon\"\u001b[39m\n                \u001b[33mdata-slot\u001b[39m=\u001b[32m\"button\"\u001b[39m\n                \u001b[33mdata-variant\u001b[39m=\u001b[32m\"default\"\u001b[39m\n                \u001b[33mdisabled\u001b[39m=\u001b[32m\"\"\u001b[39m\n                \u001b[33mtype\u001b[39m=\u001b[32m\"submit\"\u001b[39m\n              \u001b[36m>\u001b[39m\n                \u001b[36m<span\u001b[39m\n                  \u001b[33mdata-testid\u001b[39m=\u001b[32m\"send-icon\"\u001b[39m\n                \u001b[36m>\u001b[39m\n                  \u001b[0mSend\u001b[0m\n                \u001b[36m</span>\u001b[39m\n              \u001b[36m</button>\u001b[39m\n            \u001b[36m</div>\u001b[39m\n            \u001b[36m<p\u001b[39m\n              \u001b[33mclass\u001b[39m=\u001b[32m\"text-[10px] text-slate-400 dark:text-slate-500 text-center font-medium uppercase tracking-wide\"\u001b[39m\n            \u001b[36m>\u001b[39m\n              \u001b[0m↵ Send • Shift+↵ New line\u001b[0m\n            \u001b[36m</p>\u001b[39m\n          \u001b[36m</form>\u001b[39m\n        \u001b[36m</div>\u001b[39m\n      \u001b[36m</div>\u001b[39m\n    \u001b[36m</div>\u001b[39m\n  \u001b[36m</div>\u001b[39m\n\u001b[36m</body>\u001b[39m\n    at Object.getElementError (/workspaces/aimetrics/node_modules/@testing-library/dom/dist/config.js:37:19)\n    at /workspaces/aimetrics/node_modules/@testing-library/dom/dist/query-helpers.js:76:38\n    at /workspaces/aimetrics/node_modules/@testing-library/dom/dist/query-helpers.js:52:17\n    at /workspaces/aimetrics/node_modules/@testing-library/dom/dist/query-helpers.js:95:19\n    at Object.getByText (/workspaces/aimetrics/tests/unit/components/chat/ChatInterface.extended.spec.tsx:40:21)\n    at Promise.finally.completed (/workspaces/aimetrics/node_modules/jest-circus/build/jestAdapterInit.js:1557:28)\n    at new Promise (<anonymous>)\n    at callAsyncCircusFn (/workspaces/aimetrics/node_modules/jest-circus/build/jestAdapterInit.js:1497:10)\n    at _callCircusTest (/workspaces/aimetrics/node_modules/jest-circus/build/jestAdapterInit.js:1007:40)\n    at processTicksAndRejections (node:internal/process/task_queues:103:5)\n    at _runTest (/workspaces/aimetrics/node_modules/jest-circus/build/jestAdapterInit.js:947:3)\n    at /workspaces/aimetrics/node_modules/jest-circus/build/jestAdapterInit.js:849:7\n    at _runTestsForDescribeBlock (/workspaces/aimetrics/node_modules/jest-circus/build/jestAdapterInit.js:862:11)\n    at _runTestsForDescribeBlock (/workspaces/aimetrics/node_modules/jest-circus/build/jestAdapterInit.js:857:11)\n    at _runTestsForDescribeBlock (/workspaces/aimetrics/node_modules/jest-circus/build/jestAdapterInit.js:857:11)\n    at run (/workspaces/aimetrics/node_modules/jest-circus/build/jestAdapterInit.js:761:3)\n    at runAndTransformResultsToJestFormat (/workspaces/aimetrics/node_modules/jest-circus/build/jestAdapterInit.js:1918:21)\n    at jestAdapter (/workspaces/aimetrics/node_modules/jest-circus/build/runner.js:101:19)\n    at runTestInternal (/workspaces/aimetrics/node_modules/jest-runner/build/testWorker.js:275:16)\n    at runTest (/workspaces/aimetrics/node_modules/jest-runner/build/testWorker.js:343:7)\n    at Object.worker (/workspaces/aimetrics/node_modules/jest-runner/build/testWorker.js:497:12)"],"fullName":"ChatInterface - extended coverage empty state displays all tracked brands in empty state","invocations":1,"location":null,"numPassingAsserts":0,"retryReasons":[],"startAt":1767375564585,"status":"failed","title":"displays all tracked brands in empty state"},{"ancestorTitles":["ChatInterface - extended coverage","empty state"],"duration":15,"failing":false,"failureDetails":[{"name":"TestingLibraryElementError"}],"failureMessages":["TestingLibraryElementError: Unable to find an element with the text: /start your analysis/i. This could be because the text is broken up by multiple elements. In this case, you can provide a function for your text matcher to make your matcher more flexible.\n\nIgnored nodes: comments, script, style\n\u001b[36m<body>\u001b[39m\n  \u001b[36m<div>\u001b[39m\n    \u001b[36m<div\u001b[39m\n      \u001b[33mclass\u001b[39m=\u001b[32m\"text-card-foreground gap-6 py-6 border border-slate-200 shadow-sm bg-white dark:bg-slate-900 flex flex-col h-full rounded-xl overflow-hidden\"\u001b[39m\n      \u001b[33mdata-slot\u001b[39m=\u001b[32m\"card\"\u001b[39m\n    \u001b[36m>\u001b[39m\n      \u001b[36m<div\u001b[39m\n        \u001b[33mclass\u001b[39m=\u001b[32m\"p-0 flex flex-col h-full overflow-hidden bg-gradient-to-b from-white dark:from-slate-900 to-slate-50/50 dark:to-slate-950/50\"\u001b[39m\n        \u001b[33mdata-slot\u001b[39m=\u001b[32m\"card-content\"\u001b[39m\n      \u001b[36m>\u001b[39m\n        \u001b[36m<div\u001b[39m\n          \u001b[33mclass\u001b[39m=\u001b[32m\"flex-1 overflow-y-auto overflow-x-hidden p-3 sm:p-6 pb-6 sm:pb-6 space-y-4 sm:space-y-5 scrollbar-none [&::-webkit-scrollbar]:hidden [-ms-overflow-style:none]\"\u001b[39m\n        \u001b[36m>\u001b[39m\n          \u001b[36m<div\u001b[39m\n            \u001b[33mclass\u001b[39m=\u001b[32m\"flex flex-col items-center justify-center h-full text-center py-12\"\u001b[39m\n          \u001b[36m>\u001b[39m\n            \u001b[36m<div\u001b[39m\n              \u001b[33mclass\u001b[39m=\u001b[32m\"p-5 rounded-full bg-gradient-to-br from-indigo-50 to-violet-50 dark:from-indigo-950/30 dark:to-violet-950/30 mb-6\"\u001b[39m\n            \u001b[36m>\u001b[39m\n              \u001b[36m<span\u001b[39m\n                \u001b[33mdata-testid\u001b[39m=\u001b[32m\"sparkles-icon\"\u001b[39m\n              \u001b[36m>\u001b[39m\n                \u001b[0mSparkles\u001b[0m\n              \u001b[36m</span>\u001b[39m\n            \u001b[36m</div>\u001b[39m\n            \u001b[36m<h3\u001b[39m\n              \u001b[33mclass\u001b[39m=\u001b[32m\"text-xl font-bold text-slate-900 dark:text-slate-100 mb-2\"\u001b[39m\n            \u001b[36m>\u001b[39m\n              \u001b[0mReady to Analyze\u001b[0m\n            \u001b[36m</h3>\u001b[39m\n            \u001b[36m<p\u001b[39m\n              \u001b[33mclass\u001b[39m=\u001b[32m\"text-sm text-slate-600 dark:text-slate-400 max-w-xs leading-relaxed\"\u001b[39m\n            \u001b[36m>\u001b[39m\n              \u001b[0mAsk questions about your brands. We'll track mentions and update metrics in real-time.\u001b[0m\n            \u001b[36m</p>\u001b[39m\n            \u001b[36m<div\u001b[39m\n              \u001b[33mclass\u001b[39m=\u001b[32m\"flex flex-wrap gap-2 mt-8 justify-center\"\u001b[39m\n            \u001b[36m>\u001b[39m\n              \u001b[36m<span\u001b[39m\n                \u001b[33mclass\u001b[39m=\u001b[32m\"inline-flex items-center justify-center w-fit whitespace-nowrap shrink-0 [&>svg]:size-3 gap-1 [&>svg]:pointer-events-none focus-visible:border-ring focus-visible:ring-ring/50 focus-visible:ring-[3px] aria-invalid:ring-destructive/20 dark:aria-invalid:ring-destructive/40 aria-invalid:border-destructive transition-[color,box-shadow] overflow-hidden border-transparent [a&]:hover:bg-secondary/90 text-xs px-3 py-1.5 rounded-full bg-indigo-100 text-indigo-700 hover:bg-indigo-200 border-0 font-medium\"\u001b[39m\n                \u001b[33mdata-slot\u001b[39m=\u001b[32m\"badge\"\u001b[39m\n              \u001b[36m>\u001b[39m\n                \u001b[0m✓ \u001b[0m\n                \u001b[0mBrand1\u001b[0m\n              \u001b[36m</span>\u001b[39m\n              \u001b[36m<span\u001b[39m\n                \u001b[33mclass\u001b[39m=\u001b[32m\"inline-flex items-center justify-center w-fit whitespace-nowrap shrink-0 [&>svg]:size-3 gap-1 [&>svg]:pointer-events-none focus-visible:border-ring focus-visible:ring-ring/50 focus-visible:ring-[3px] aria-invalid:ring-destructive/20 dark:aria-invalid:ring-destructive/40 aria-invalid:border-destructive transition-[color,box-shadow] overflow-hidden border-transparent [a&]:hover:bg-secondary/90 text-xs px-3 py-1.5 rounded-full bg-indigo-100 text-indigo-700 hover:bg-indigo-200 border-0 font-medium\"\u001b[39m\n                \u001b[33mdata-slot\u001b[39m=\u001b[32m\"badge\"\u001b[39m\n              \u001b[36m>\u001b[39m\n                \u001b[0m✓ \u001b[0m\n                \u001b[0mBrand2\u001b[0m\n              \u001b[36m</span>\u001b[39m\n            \u001b[36m</div>\u001b[39m\n          \u001b[36m</div>\u001b[39m\n          \u001b[36m<div />\u001b[39m\n        \u001b[36m</div>\u001b[39m\n        \u001b[36m<div\u001b[39m\n          \u001b[33mclass\u001b[39m=\u001b[32m\"px-3 sm:px-6 pb-3 sm:pb-4 pt-3 sm:pt-4 bg-white dark:bg-slate-900 border-t border-slate-200 dark:border-slate-800\"\u001b[39m\n        \u001b[36m>\u001b[39m\n          \u001b[36m<form\u001b[39m\n            \u001b[33mclass\u001b[39m=\u001b[32m\"relative flex flex-col gap-3\"\u001b[39m\n          \u001b[36m>\u001b[39m\n            \u001b[36m<div\u001b[39m\n              \u001b[33mclass\u001b[39m=\u001b[32m\"flex items-end gap-2 p-3 bg-slate-50 dark:bg-slate-800/70 rounded-2xl border border-slate-200 dark:border-slate-700 focus-within:ring-2 focus-within:ring-indigo-500/30 focus-within:border-indigo-500 transition-all\"\u001b[39m\n            \u001b[36m>\u001b[39m\n              \u001b[36m<textarea\u001b[39m\n                \u001b[33mclass\u001b[39m=\u001b[32m\"border-input focus-visible:border-ring focus-visible:ring-ring/50 aria-invalid:ring-destructive/20 dark:aria-invalid:ring-destructive/40 aria-invalid:border-destructive dark:bg-input/30 flex field-sizing-content w-full rounded-md transition-[color,box-shadow] outline-none disabled:cursor-not-allowed disabled:opacity-50 md:text-sm flex-1 min-h-[36px] sm:min-h-[44px] max-h-32 py-2 sm:py-3 px-1 resize-none bg-transparent border-0 focus-visible:ring-0 shadow-none text-sm placeholder:text-slate-400 dark:placeholder:text-slate-500\"\u001b[39m\n                \u001b[33mdata-slot\u001b[39m=\u001b[32m\"textarea\"\u001b[39m\n                \u001b[33mplaceholder\u001b[39m=\u001b[32m\"Ask questions about your brands...\"\u001b[39m\n                \u001b[33mrows\u001b[39m=\u001b[32m\"1\"\u001b[39m\n                \u001b[33mstyle\u001b[39m=\u001b[32m\"height: auto; overflow: hidden;\"\u001b[39m\n              \u001b[36m/>\u001b[39m\n              \u001b[36m<button\u001b[39m\n                \u001b[33mclass\u001b[39m=\u001b[32m\"inline-flex items-center justify-center gap-2 whitespace-nowrap text-sm font-medium disabled:pointer-events-none [&_svg]:pointer-events-none [&_svg:not([class*='size-'])]:size-4 shrink-0 [&_svg]:shrink-0 outline-none focus-visible:border-ring focus-visible:ring-ring/50 focus-visible:ring-[3px] aria-invalid:ring-destructive/20 dark:aria-invalid:ring-destructive/40 aria-invalid:border-destructive hover:bg-primary/90 size-9 h-9 w-9 rounded-xl flex-shrink-0 bg-gradient-to-r from-indigo-600 to-violet-600 hover:from-indigo-700 hover:to-violet-700 text-white shadow-sm transition-all disabled:opacity-50\"\u001b[39m\n                \u001b[33mdata-size\u001b[39m=\u001b[32m\"icon\"\u001b[39m\n                \u001b[33mdata-slot\u001b[39m=\u001b[32m\"button\"\u001b[39m\n                \u001b[33mdata-variant\u001b[39m=\u001b[32m\"default\"\u001b[39m\n                \u001b[33mdisabled\u001b[39m=\u001b[32m\"\"\u001b[39m\n                \u001b[33mtype\u001b[39m=\u001b[32m\"submit\"\u001b[39m\n              \u001b[36m>\u001b[39m\n                \u001b[36m<span\u001b[39m\n                  \u001b[33mdata-testid\u001b[39m=\u001b[32m\"send-icon\"\u001b[39m\n                \u001b[36m>\u001b[39m\n                  \u001b[0mSend\u001b[0m\n                \u001b[36m</span>\u001b[39m\n              \u001b[36m</button>\u001b[39m\n            \u001b[36m</div>\u001b[39m\n            \u001b[36m<p\u001b[39m\n              \u001b[33mclass\u001b[39m=\u001b[32m\"text-[10px] text-slate-400 dark:text-slate-500 text-center font-medium uppercase tracking-wide\"\u001b[39m\n            \u001b[36m>\u001b[39m\n              \u001b[0m↵ Send • Shift+↵ New line\u001b[0m\n            \u001b[36m</p>\u001b[39m\n          \u001b[36m</form>\u001b[39m\n        \u001b[36m</div>\u001b[39m\n      \u001b[36m</div>\u001b[39m\n    \u001b[36m</div>\u001b[39m\n  \u001b[36m</div>\u001b[39m\n\u001b[36m</body>\u001b[39m\n    at Object.getElementError (/workspaces/aimetrics/node_modules/@testing-library/dom/dist/config.js:37:19)\n    at /workspaces/aimetrics/node_modules/@testing-library/dom/dist/query-helpers.js:76:38\n    at /workspaces/aimetrics/node_modules/@testing-library/dom/dist/query-helpers.js:52:17\n    at /workspaces/aimetrics/node_modules/@testing-library/dom/dist/query-helpers.js:95:19\n    at Object.getByText (/workspaces/aimetrics/tests/unit/components/chat/ChatInterface.extended.spec.tsx:47:21)\n    at Promise.finally.completed (/workspaces/aimetrics/node_modules/jest-circus/build/jestAdapterInit.js:1557:28)\n    at new Promise (<anonymous>)\n    at callAsyncCircusFn (/workspaces/aimetrics/node_modules/jest-circus/build/jestAdapterInit.js:1497:10)\n    at _callCircusTest (/workspaces/aimetrics/node_modules/jest-circus/build/jestAdapterInit.js:1007:40)\n    at processTicksAndRejections (node:internal/process/task_queues:103:5)\n    at _runTest (/workspaces/aimetrics/node_modules/jest-circus/build/jestAdapterInit.js:947:3)\n    at /workspaces/aimetrics/node_modules/jest-circus/build/jestAdapterInit.js:849:7\n    at _runTestsForDescribeBlock (/workspaces/aimetrics/node_modules/jest-circus/build/jestAdapterInit.js:862:11)\n    at _runTestsForDescribeBlock (/workspaces/aimetrics/node_modules/jest-circus/build/jestAdapterInit.js:857:11)\n    at _runTestsForDescribeBlock (/workspaces/aimetrics/node_modules/jest-circus/build/jestAdapterInit.js:857:11)\n    at run (/workspaces/aimetrics/node_modules/jest-circus/build/jestAdapterInit.js:761:3)\n    at runAndTransformResultsToJestFormat (/workspaces/aimetrics/node_modules/jest-circus/build/jestAdapterInit.js:1918:21)\n    at jestAdapter (/workspaces/aimetrics/node_modules/jest-circus/build/runner.js:101:19)\n    at runTestInternal (/workspaces/aimetrics/node_modules/jest-runner/build/testWorker.js:275:16)\n    at runTest (/workspaces/aimetrics/node_modules/jest-runner/build/testWorker.js:343:7)\n    at Object.worker (/workspaces/aimetrics/node_modules/jest-runner/build/testWorker.js:497:12)"],"fullName":"ChatInterface - extended coverage empty state shows start analysis prompt when no messages","invocations":1,"location":null,"numPassingAsserts":0,"retryReasons":[],"startAt":1767375564683,"status":"failed","title":"shows start analysis prompt when no messages"},{"ancestorTitles":["ChatInterface - extended coverage","message handling"],"duration":33,"failing":false,"failureDetails":[],"failureMessages":[],"fullName":"ChatInterface - extended coverage message handling renders user messages with correct styling","invocations":1,"location":null,"numPassingAsserts":1,"retryReasons":[],"startAt":1767375564699,"status":"passed","title":"renders user messages with correct styling"},{"ancestorTitles":["ChatInterface - extended coverage","message handling"],"duration":9,"failing":false,"failureDetails":[],"failureMessages":[],"fullName":"ChatInterface - extended coverage message handling renders assistant messages with correct styling","invocations":1,"location":null,"numPassingAsserts":1,"retryReasons":[],"startAt":1767375564732,"status":"passed","title":"renders assistant messages with correct styling"},{"ancestorTitles":["ChatInterface - extended coverage","message handling"],"duration":15,"failing":false,"failureDetails":[],"failureMessages":[],"fullName":"ChatInterface - extended coverage message handling renders multiple messages in order","invocations":1,"location":null,"numPassingAsserts":3,"retryReasons":[],"startAt":1767375564742,"status":"passed","title":"renders multiple messages in order"},{"ancestorTitles":["ChatInterface - extended coverage","message handling"],"duration":11,"failing":false,"failureDetails":[],"failureMessages":[],"fullName":"ChatInterface - extended coverage message handling displays message metrics when available","invocations":1,"location":null,"numPassingAsserts":1,"retryReasons":[],"startAt":1767375564757,"status":"passed","title":"displays message metrics when available"},{"ancestorTitles":["ChatInterface - extended coverage","input handling"],"duration":15,"failing":false,"failureDetails":[{"name":"TestingLibraryElementError"}],"failureMessages":["TestingLibraryElementError: Unable to find an element with the placeholder text of: /ask about products/i\n\nIgnored nodes: comments, script, style\n\u001b[36m<body>\u001b[39m\n  \u001b[36m<div>\u001b[39m\n    \u001b[36m<div\u001b[39m\n      \u001b[33mclass\u001b[39m=\u001b[32m\"text-card-foreground gap-6 py-6 border border-slate-200 shadow-sm bg-white dark:bg-slate-900 flex flex-col h-full rounded-xl overflow-hidden\"\u001b[39m\n      \u001b[33mdata-slot\u001b[39m=\u001b[32m\"card\"\u001b[39m\n    \u001b[36m>\u001b[39m\n      \u001b[36m<div\u001b[39m\n        \u001b[33mclass\u001b[39m=\u001b[32m\"p-0 flex flex-col h-full overflow-hidden bg-gradient-to-b from-white dark:from-slate-900 to-slate-50/50 dark:to-slate-950/50\"\u001b[39m\n        \u001b[33mdata-slot\u001b[39m=\u001b[32m\"card-content\"\u001b[39m\n      \u001b[36m>\u001b[39m\n        \u001b[36m<div\u001b[39m\n          \u001b[33mclass\u001b[39m=\u001b[32m\"flex-1 overflow-y-auto overflow-x-hidden p-3 sm:p-6 pb-6 sm:pb-6 space-y-4 sm:space-y-5 scrollbar-none [&::-webkit-scrollbar]:hidden [-ms-overflow-style:none]\"\u001b[39m\n        \u001b[36m>\u001b[39m\n          \u001b[36m<div\u001b[39m\n            \u001b[33mclass\u001b[39m=\u001b[32m\"flex flex-col items-center justify-center h-full text-center py-12\"\u001b[39m\n          \u001b[36m>\u001b[39m\n            \u001b[36m<div\u001b[39m\n              \u001b[33mclass\u001b[39m=\u001b[32m\"p-5 rounded-full bg-gradient-to-br from-indigo-50 to-violet-50 dark:from-indigo-950/30 dark:to-violet-950/30 mb-6\"\u001b[39m\n            \u001b[36m>\u001b[39m\n              \u001b[36m<span\u001b[39m\n                \u001b[33mdata-testid\u001b[39m=\u001b[32m\"sparkles-icon\"\u001b[39m\n              \u001b[36m>\u001b[39m\n                \u001b[0mSparkles\u001b[0m\n              \u001b[36m</span>\u001b[39m\n            \u001b[36m</div>\u001b[39m\n            \u001b[36m<h3\u001b[39m\n              \u001b[33mclass\u001b[39m=\u001b[32m\"text-xl font-bold text-slate-900 dark:text-slate-100 mb-2\"\u001b[39m\n            \u001b[36m>\u001b[39m\n              \u001b[0mReady to Analyze\u001b[0m\n            \u001b[36m</h3>\u001b[39m\n            \u001b[36m<p\u001b[39m\n              \u001b[33mclass\u001b[39m=\u001b[32m\"text-sm text-slate-600 dark:text-slate-400 max-w-xs leading-relaxed\"\u001b[39m\n            \u001b[36m>\u001b[39m\n              \u001b[0mAsk questions about your brands. We'll track mentions and update metrics in real-time.\u001b[0m\n            \u001b[36m</p>\u001b[39m\n            \u001b[36m<div\u001b[39m\n              \u001b[33mclass\u001b[39m=\u001b[32m\"flex flex-wrap gap-2 mt-8 justify-center\"\u001b[39m\n            \u001b[36m>\u001b[39m\n              \u001b[36m<span\u001b[39m\n                \u001b[33mclass\u001b[39m=\u001b[32m\"inline-flex items-center justify-center w-fit whitespace-nowrap shrink-0 [&>svg]:size-3 gap-1 [&>svg]:pointer-events-none focus-visible:border-ring focus-visible:ring-ring/50 focus-visible:ring-[3px] aria-invalid:ring-destructive/20 dark:aria-invalid:ring-destructive/40 aria-invalid:border-destructive transition-[color,box-shadow] overflow-hidden border-transparent [a&]:hover:bg-secondary/90 text-xs px-3 py-1.5 rounded-full bg-indigo-100 text-indigo-700 hover:bg-indigo-200 border-0 font-medium\"\u001b[39m\n                \u001b[33mdata-slot\u001b[39m=\u001b[32m\"badge\"\u001b[39m\n              \u001b[36m>\u001b[39m\n                \u001b[0m✓ \u001b[0m\n                \u001b[0mBrand1\u001b[0m\n              \u001b[36m</span>\u001b[39m\n              \u001b[36m<span\u001b[39m\n                \u001b[33mclass\u001b[39m=\u001b[32m\"inline-flex items-center justify-center w-fit whitespace-nowrap shrink-0 [&>svg]:size-3 gap-1 [&>svg]:pointer-events-none focus-visible:border-ring focus-visible:ring-ring/50 focus-visible:ring-[3px] aria-invalid:ring-destructive/20 dark:aria-invalid:ring-destructive/40 aria-invalid:border-destructive transition-[color,box-shadow] overflow-hidden border-transparent [a&]:hover:bg-secondary/90 text-xs px-3 py-1.5 rounded-full bg-indigo-100 text-indigo-700 hover:bg-indigo-200 border-0 font-medium\"\u001b[39m\n                \u001b[33mdata-slot\u001b[39m=\u001b[32m\"badge\"\u001b[39m\n              \u001b[36m>\u001b[39m\n                \u001b[0m✓ \u001b[0m\n                \u001b[0mBrand2\u001b[0m\n              \u001b[36m</span>\u001b[39m\n            \u001b[36m</div>\u001b[39m\n          \u001b[36m</div>\u001b[39m\n          \u001b[36m<div />\u001b[39m\n        \u001b[36m</div>\u001b[39m\n        \u001b[36m<div\u001b[39m\n          \u001b[33mclass\u001b[39m=\u001b[32m\"px-3 sm:px-6 pb-3 sm:pb-4 pt-3 sm:pt-4 bg-white dark:bg-slate-900 border-t border-slate-200 dark:border-slate-800\"\u001b[39m\n        \u001b[36m>\u001b[39m\n          \u001b[36m<form\u001b[39m\n            \u001b[33mclass\u001b[39m=\u001b[32m\"relative flex flex-col gap-3\"\u001b[39m\n          \u001b[36m>\u001b[39m\n            \u001b[36m<div\u001b[39m\n              \u001b[33mclass\u001b[39m=\u001b[32m\"flex items-end gap-2 p-3 bg-slate-50 dark:bg-slate-800/70 rounded-2xl border border-slate-200 dark:border-slate-700 focus-within:ring-2 focus-within:ring-indigo-500/30 focus-within:border-indigo-500 transition-all\"\u001b[39m\n            \u001b[36m>\u001b[39m\n              \u001b[36m<textarea\u001b[39m\n                \u001b[33mclass\u001b[39m=\u001b[32m\"border-input focus-visible:border-ring focus-visible:ring-ring/50 aria-invalid:ring-destructive/20 dark:aria-invalid:ring-destructive/40 aria-invalid:border-destructive dark:bg-input/30 flex field-sizing-content w-full rounded-md transition-[color,box-shadow] outline-none disabled:cursor-not-allowed disabled:opacity-50 md:text-sm flex-1 min-h-[36px] sm:min-h-[44px] max-h-32 py-2 sm:py-3 px-1 resize-none bg-transparent border-0 focus-visible:ring-0 shadow-none text-sm placeholder:text-slate-400 dark:placeholder:text-slate-500\"\u001b[39m\n                \u001b[33mdata-slot\u001b[39m=\u001b[32m\"textarea\"\u001b[39m\n                \u001b[33mplaceholder\u001b[39m=\u001b[32m\"Ask questions about your brands...\"\u001b[39m\n                \u001b[33mrows\u001b[39m=\u001b[32m\"1\"\u001b[39m\n                \u001b[33mstyle\u001b[39m=\u001b[32m\"height: auto; overflow: hidden;\"\u001b[39m\n              \u001b[36m/>\u001b[39m\n              \u001b[36m<button\u001b[39m\n                \u001b[33mclass\u001b[39m=\u001b[32m\"inline-flex items-center justify-center gap-2 whitespace-nowrap text-sm font-medium disabled:pointer-events-none [&_svg]:pointer-events-none [&_svg:not([class*='size-'])]:size-4 shrink-0 [&_svg]:shrink-0 outline-none focus-visible:border-ring focus-visible:ring-ring/50 focus-visible:ring-[3px] aria-invalid:ring-destructive/20 dark:aria-invalid:ring-destructive/40 aria-invalid:border-destructive hover:bg-primary/90 size-9 h-9 w-9 rounded-xl flex-shrink-0 bg-gradient-to-r from-indigo-600 to-violet-600 hover:from-indigo-700 hover:to-violet-700 text-white shadow-sm transition-all disabled:opacity-50\"\u001b[39m\n                \u001b[33mdata-size\u001b[39m=\u001b[32m\"icon\"\u001b[39m\n                \u001b[33mdata-slot\u001b[39m=\u001b[32m\"button\"\u001b[39m\n                \u001b[33mdata-variant\u001b[39m=\u001b[32m\"default\"\u001b[39m\n                \u001b[33mdisabled\u001b[39m=\u001b[32m\"\"\u001b[39m\n                \u001b[33mtype\u001b[39m=\u001b[32m\"submit\"\u001b[39m\n              \u001b[36m>\u001b[39m\n                \u001b[36m<span\u001b[39m\n                  \u001b[33mdata-testid\u001b[39m=\u001b[32m\"send-icon\"\u001b[39m\n                \u001b[36m>\u001b[39m\n                  \u001b[0mSend\u001b[0m\n                \u001b[36m</span>\u001b[39m\n              \u001b[36m</button>\u001b[39m\n            \u001b[36m</div>\u001b[39m\n            \u001b[36m<p\u001b[39m\n              \u001b[33mclass\u001b[39m=\u001b[32m\"text-[10px] text-slate-400 dark:text-slate-500 text-center font-medium uppercase tracking-wide\"\u001b[39m\n            \u001b[36m>\u001b[39m\n              \u001b[0m↵ Send • Shift+↵ New line\u001b[0m\n            \u001b[36m</p>\u001b[39m\n          \u001b[36m</form>\u001b[39m\n        \u001b[36m</div>\u001b[39m\n      \u001b[36m</div>\u001b[39m\n    \u001b[36m</div>\u001b[39m\n  \u001b[36m</div>\u001b[39m\n\u001b[36m</body>\u001b[39m\n    at Object.getElementError (/workspaces/aimetrics/node_modules/@testing-library/dom/dist/config.js:37:19)\n    at /workspaces/aimetrics/node_modules/@testing-library/dom/dist/query-helpers.js:76:38\n    at /workspaces/aimetrics/node_modules/@testing-library/dom/dist/query-helpers.js:52:17\n    at /workspaces/aimetrics/node_modules/@testing-library/dom/dist/query-helpers.js:95:19\n    at Object.getByPlaceholderText (/workspaces/aimetrics/tests/unit/components/chat/ChatInterface.extended.spec.tsx:109:28)\n    at Promise.finally.completed (/workspaces/aimetrics/node_modules/jest-circus/build/jestAdapterInit.js:1557:28)\n    at new Promise (<anonymous>)\n    at callAsyncCircusFn (/workspaces/aimetrics/node_modules/jest-circus/build/jestAdapterInit.js:1497:10)\n    at _callCircusTest (/workspaces/aimetrics/node_modules/jest-circus/build/jestAdapterInit.js:1007:40)\n    at processTicksAndRejections (node:internal/process/task_queues:103:5)\n    at _runTest (/workspaces/aimetrics/node_modules/jest-circus/build/jestAdapterInit.js:947:3)\n    at /workspaces/aimetrics/node_modules/jest-circus/build/jestAdapterInit.js:849:7\n    at _runTestsForDescribeBlock (/workspaces/aimetrics/node_modules/jest-circus/build/jestAdapterInit.js:862:11)\n    at _runTestsForDescribeBlock (/workspaces/aimetrics/node_modules/jest-circus/build/jestAdapterInit.js:857:11)\n    at _runTestsForDescribeBlock (/workspaces/aimetrics/node_modules/jest-circus/build/jestAdapterInit.js:857:11)\n    at run (/workspaces/aimetrics/node_modules/jest-circus/build/jestAdapterInit.js:761:3)\n    at runAndTransformResultsToJestFormat (/workspaces/aimetrics/node_modules/jest-circus/build/jestAdapterInit.js:1918:21)\n    at jestAdapter (/workspaces/aimetrics/node_modules/jest-circus/build/runner.js:101:19)\n    at runTestInternal (/workspaces/aimetrics/node_modules/jest-runner/build/testWorker.js:275:16)\n    at runTest (/workspaces/aimetrics/node_modules/jest-runner/build/testWorker.js:343:7)\n    at Object.worker (/workspaces/aimetrics/node_modules/jest-runner/build/testWorker.js:497:12)"],"fullName":"ChatInterface - extended coverage input handling clears input after successful submit","invocations":1,"location":null,"numPassingAsserts":0,"retryReasons":[],"startAt":1767375564768,"status":"failed","title":"clears input after successful submit"},{"ancestorTitles":["ChatInterface - extended coverage","input handling"],"duration":93,"failing":false,"failureDetails":[],"failureMessages":[],"fullName":"ChatInterface - extended coverage input handling prevents empty message submission","invocations":1,"location":null,"numPassingAsserts":1,"retryReasons":[],"startAt":1767375564785,"status":"passed","title":"prevents empty message submission"},{"ancestorTitles":["ChatInterface - extended coverage","input handling"],"duration":12,"failing":false,"failureDetails":[{"name":"TestingLibraryElementError"}],"failureMessages":["TestingLibraryElementError: Unable to find an element with the placeholder text of: /ask about products/i\n\nIgnored nodes: comments, script, style\n\u001b[36m<body>\u001b[39m\n  \u001b[36m<div>\u001b[39m\n    \u001b[36m<div\u001b[39m\n      \u001b[33mclass\u001b[39m=\u001b[32m\"text-card-foreground gap-6 py-6 border border-slate-200 shadow-sm bg-white dark:bg-slate-900 flex flex-col h-full rounded-xl overflow-hidden\"\u001b[39m\n      \u001b[33mdata-slot\u001b[39m=\u001b[32m\"card\"\u001b[39m\n    \u001b[36m>\u001b[39m\n      \u001b[36m<div\u001b[39m\n        \u001b[33mclass\u001b[39m=\u001b[32m\"p-0 flex flex-col h-full overflow-hidden bg-gradient-to-b from-white dark:from-slate-900 to-slate-50/50 dark:to-slate-950/50\"\u001b[39m\n        \u001b[33mdata-slot\u001b[39m=\u001b[32m\"card-content\"\u001b[39m\n      \u001b[36m>\u001b[39m\n        \u001b[36m<div\u001b[39m\n          \u001b[33mclass\u001b[39m=\u001b[32m\"flex-1 overflow-y-auto overflow-x-hidden p-3 sm:p-6 pb-6 sm:pb-6 space-y-4 sm:space-y-5 scrollbar-none [&::-webkit-scrollbar]:hidden [-ms-overflow-style:none]\"\u001b[39m\n        \u001b[36m>\u001b[39m\n          \u001b[36m<div\u001b[39m\n            \u001b[33mclass\u001b[39m=\u001b[32m\"flex flex-col items-center justify-center h-full text-center py-12\"\u001b[39m\n          \u001b[36m>\u001b[39m\n            \u001b[36m<div\u001b[39m\n              \u001b[33mclass\u001b[39m=\u001b[32m\"p-5 rounded-full bg-gradient-to-br from-indigo-50 to-violet-50 dark:from-indigo-950/30 dark:to-violet-950/30 mb-6\"\u001b[39m\n            \u001b[36m>\u001b[39m\n              \u001b[36m<span\u001b[39m\n                \u001b[33mdata-testid\u001b[39m=\u001b[32m\"sparkles-icon\"\u001b[39m\n              \u001b[36m>\u001b[39m\n                \u001b[0mSparkles\u001b[0m\n              \u001b[36m</span>\u001b[39m\n            \u001b[36m</div>\u001b[39m\n            \u001b[36m<h3\u001b[39m\n              \u001b[33mclass\u001b[39m=\u001b[32m\"text-xl font-bold text-slate-900 dark:text-slate-100 mb-2\"\u001b[39m\n            \u001b[36m>\u001b[39m\n              \u001b[0mReady to Analyze\u001b[0m\n            \u001b[36m</h3>\u001b[39m\n            \u001b[36m<p\u001b[39m\n              \u001b[33mclass\u001b[39m=\u001b[32m\"text-sm text-slate-600 dark:text-slate-400 max-w-xs leading-relaxed\"\u001b[39m\n            \u001b[36m>\u001b[39m\n              \u001b[0mAsk questions about your brands. We'll track mentions and update metrics in real-time.\u001b[0m\n            \u001b[36m</p>\u001b[39m\n            \u001b[36m<div\u001b[39m\n              \u001b[33mclass\u001b[39m=\u001b[32m\"flex flex-wrap gap-2 mt-8 justify-center\"\u001b[39m\n            \u001b[36m>\u001b[39m\n              \u001b[36m<span\u001b[39m\n                \u001b[33mclass\u001b[39m=\u001b[32m\"inline-flex items-center justify-center w-fit whitespace-nowrap shrink-0 [&>svg]:size-3 gap-1 [&>svg]:pointer-events-none focus-visible:border-ring focus-visible:ring-ring/50 focus-visible:ring-[3px] aria-invalid:ring-destructive/20 dark:aria-invalid:ring-destructive/40 aria-invalid:border-destructive transition-[color,box-shadow] overflow-hidden border-transparent [a&]:hover:bg-secondary/90 text-xs px-3 py-1.5 rounded-full bg-indigo-100 text-indigo-700 hover:bg-indigo-200 border-0 font-medium\"\u001b[39m\n                \u001b[33mdata-slot\u001b[39m=\u001b[32m\"badge\"\u001b[39m\n              \u001b[36m>\u001b[39m\n                \u001b[0m✓ \u001b[0m\n                \u001b[0mBrand1\u001b[0m\n              \u001b[36m</span>\u001b[39m\n              \u001b[36m<span\u001b[39m\n                \u001b[33mclass\u001b[39m=\u001b[32m\"inline-flex items-center justify-center w-fit whitespace-nowrap shrink-0 [&>svg]:size-3 gap-1 [&>svg]:pointer-events-none focus-visible:border-ring focus-visible:ring-ring/50 focus-visible:ring-[3px] aria-invalid:ring-destructive/20 dark:aria-invalid:ring-destructive/40 aria-invalid:border-destructive transition-[color,box-shadow] overflow-hidden border-transparent [a&]:hover:bg-secondary/90 text-xs px-3 py-1.5 rounded-full bg-indigo-100 text-indigo-700 hover:bg-indigo-200 border-0 font-medium\"\u001b[39m\n                \u001b[33mdata-slot\u001b[39m=\u001b[32m\"badge\"\u001b[39m\n              \u001b[36m>\u001b[39m\n                \u001b[0m✓ \u0
[...]
ed coverage edge cases handles duplicate classes","invocations":1,"location":null,"numPassingAsserts":1,"retryReasons":[],"startAt":1767375567939,"status":"passed","title":"handles duplicate classes"},{"ancestorTitles":["cn utility - extended coverage","edge cases"],"duration":0,"failing":false,"failureDetails":[],"failureMessages":[],"fullName":"cn utility - extended coverage edge cases handles very long class lists","invocations":1,"location":null,"numPassingAsserts":1,"retryReasons":[],"startAt":1767375567939,"status":"passed","title":"handles very long class lists"}],"endTime":1767375567940,"message":"","name":"/workspaces/aimetrics/tests/unit/lib/utils.extended.spec.ts","startTime":1767375567845,"status":"passed","summary":""},{"assertionResults":[{"ancestorTitles":["constants - extended coverage","generatePrompts"],"duration":1,"failing":false,"failureDetails":[],"failureMessages":[],"fullName":"constants - extended coverage generatePrompts generates correct number of prompts","invocations":1,"location":null,"numPassingAsserts":1,"retryReasons":[],"startAt":1767375568004,"status":"passed","title":"generates correct number of prompts"},{"ancestorTitles":["constants - extended coverage","generatePrompts"],"duration":2,"failing":false,"failureDetails":[],"failureMessages":[],"fullName":"constants - extended coverage generatePrompts replaces all placeholders in each prompt","invocations":1,"location":null,"numPassingAsserts":20,"retryReasons":[],"startAt":1767375568005,"status":"passed","title":"replaces all placeholders in each prompt"},{"ancestorTitles":["constants - extended coverage","generatePrompts"],"duration":1,"failing":false,"failureDetails":[],"failureMessages":[],"fullName":"constants - extended coverage generatePrompts handles special characters in category","invocations":1,"location":null,"numPassingAsserts":10,"retryReasons":[],"startAt":1767375568008,"status":"passed","title":"handles special characters in category"},{"ancestorTitles":["constants - extended coverage","generatePrompts"],"duration":1,"failing":false,"failureDetails":[],"failureMessages":[],"fullName":"constants - extended coverage generatePrompts handles unicode characters in category","invocations":1,"location":null,"numPassingAsserts":10,"retryReasons":[],"startAt":1767375568009,"status":"passed","title":"handles unicode characters in category"},{"ancestorTitles":["constants - extended coverage","generatePrompts"],"duration":0,"failing":false,"failureDetails":[],"failureMessages":[],"fullName":"constants - extended coverage generatePrompts handles very long category names","invocations":1,"location":null,"numPassingAsserts":2,"retryReasons":[],"startAt":1767375568010,"status":"passed","title":"handles very long category names"},{"ancestorTitles":["constants - extended coverage","generatePrompts"],"duration":2,"failing":false,"failureDetails":[],"failureMessages":[],"fullName":"constants - extended coverage generatePrompts returns immutable array-like structure","invocations":1,"location":null,"numPassingAsserts":2,"retryReasons":[],"startAt":1767375568010,"status":"passed","title":"returns immutable array-like structure"},{"ancestorTitles":["constants - extended coverage","PROMPT_TEMPLATES"],"duration":0,"failing":false,"failureDetails":[],"failureMessages":[],"fullName":"constants - extended coverage PROMPT_TEMPLATES has at least 5 templates","invocations":1,"location":null,"numPassingAsserts":1,"retryReasons":[],"startAt":1767375568012,"status":"passed","title":"has at least 5 templates"},{"ancestorTitles":["constants - extended coverage","PROMPT_TEMPLATES"],"duration":3,"failing":false,"failureDetails":[],"failureMessages":[],"fullName":"constants - extended coverage PROMPT_TEMPLATES all templates contain {category} placeholder","invocations":1,"location":null,"numPassingAsserts":10,"retryReasons":[],"startAt":1767375568012,"status":"passed","title":"all templates contain {category} placeholder"},{"ancestorTitles":["constants - extended coverage","PROMPT_TEMPLATES"],"duration":0,"failing":false,"failureDetails":[],"failureMessages":[],"fullName":"constants - extended coverage PROMPT_TEMPLATES templates are diverse (different starting words)","invocations":1,"location":null,"numPassingAsserts":1,"retryReasons":[],"startAt":1767375568015,"status":"passed","title":"templates are diverse (different starting words)"},{"ancestorTitles":["constants - extended coverage","PROMPT_TEMPLATES"],"duration":0,"failing":false,"failureDetails":[],"failureMessages":[],"fullName":"constants - extended coverage PROMPT_TEMPLATES templates are typed as readonly","invocations":1,"location":null,"numPassingAsserts":2,"retryReasons":[],"startAt":1767375568015,"status":"passed","title":"templates are typed as readonly"},{"ancestorTitles":["constants - extended coverage","APP_CONFIG"],"duration":1,"failing":false,"failureDetails":[],"failureMessages":[],"fullName":"constants - extended coverage APP_CONFIG has valid maxBrands configuration","invocations":1,"location":null,"numPassingAsserts":2,"retryReasons":[],"startAt":1767375568016,"status":"passed","title":"has valid maxBrands configuration"},{"ancestorTitles":["constants - extended coverage","APP_CONFIG"],"duration":0,"failing":false,"failureDetails":[],"failureMessages":[],"fullName":"constants - extended coverage APP_CONFIG has valid minBrands configuration","invocations":1,"location":null,"numPassingAsserts":2,"retryReasons":[],"startAt":1767375568017,"status":"passed","title":"has valid minBrands configuration"},{"ancestorTitles":["constants - extended coverage","APP_CONFIG"],"duration":1,"failing":false,"failureDetails":[],"failureMessages":[],"fullName":"constants - extended coverage APP_CONFIG has valid maxCategoryLength","invocations":1,"location":null,"numPassingAsserts":2,"retryReasons":[],"startAt":1767375568017,"status":"passed","title":"has valid maxCategoryLength"},{"ancestorTitles":["constants - extended coverage","APP_CONFIG"],"duration":1,"failing":false,"failureDetails":[],"failureMessages":[],"fullName":"constants - extended coverage APP_CONFIG has valid temperature range","invocations":1,"location":null,"numPassingAsserts":2,"retryReasons":[],"startAt":1767375568018,"status":"passed","title":"has valid temperature range"},{"ancestorTitles":["constants - extended coverage","APP_CONFIG"],"duration":0,"failing":false,"failureDetails":[],"failureMessages":[],"fullName":"constants - extended coverage APP_CONFIG has valid maxTokens","invocations":1,"location":null,"numPassingAsserts":2,"retryReasons":[],"startAt":1767375568019,"status":"passed","title":"has valid maxTokens"},{"ancestorTitles":["constants - extended coverage","APP_CONFIG"],"duration":0,"failing":false,"failureDetails":[],"failureMessages":[],"fullName":"constants - extended coverage APP_CONFIG has valid parallelBatchSize","invocations":1,"location":null,"numPassingAsserts":2,"retryReasons":[],"startAt":1767375568019,"status":"passed","title":"has valid parallelBatchSize"},{"ancestorTitles":["constants - extended coverage","APP_CONFIG"],"duration":0,"failing":false,"failureDetails":[],"failureMessages":[],"fullName":"constants - extended coverage APP_CONFIG has required app metadata","invocations":1,"location":null,"numPassingAsserts":3,"retryReasons":[],"startAt":1767375568020,"status":"passed","title":"has required app metadata"},{"ancestorTitles":["constants - extended coverage","VISIBILITY_THRESHOLDS"],"duration":0,"failing":false,"failureDetails":[],"failureMessages":[],"fullName":"constants - extended coverage VISIBILITY_THRESHOLDS has high threshold greater than medium","invocations":1,"location":null,"numPassingAsserts":1,"retryReasons":[],"startAt":1767375568020,"status":"passed","title":"has high threshold greater than medium"},{"ancestorTitles":["constants - extended coverage","VISIBILITY_THRESHOLDS"],"duration":0,"failing":false,"failureDetails":[],"failureMessages":[],"fullName":"constants - extended coverage VISIBILITY_THRESHOLDS has medium threshold greater than 0","invocations":1,"location":null,"numPassingAsserts":1,"retryReasons":[],"startAt":1767375568021,"status":"passed","title":"has medium threshold greater than 0"},{"ancestorTitles":["constants - extended coverage","VISIBILITY_THRESHOLDS"],"duration":0,"failing":false,"failureDetails":[],"failureMessages":[],"fullName":"constants - extended coverage VISIBILITY_THRESHOLDS has high threshold at most 100","invocations":1,"location":null,"numPassingAsserts":1,"retryReasons":[],"startAt":1767375568021,"status":"passed","title":"has high threshold at most 100"},{"ancestorTitles":["constants - extended coverage","getVisibilityLevel"],"duration":1,"failing":false,"failureDetails":[],"failureMessages":[],"fullName":"constants - extended coverage getVisibilityLevel returns high for values at or above high threshold","invocations":1,"location":null,"numPassingAsserts":3,"retryReasons":[],"startAt":1767375568021,"status":"passed","title":"returns high for values at or above high threshold"},{"ancestorTitles":["constants - extended coverage","getVisibilityLevel"],"duration":1,"failing":false,"failureDetails":[],"failureMessages":[],"fullName":"constants - extended coverage getVisibilityLevel returns medium for values between thresholds","invocations":1,"location":null,"numPassingAsserts":3,"retryReasons":[],"startAt":1767375568022,"status":"passed","title":"returns medium for values between thresholds"},{"ancestorTitles":["constants - extended coverage","getVisibilityLevel"],"duration":0,"failing":false,"failureDetails":[],"failureMessages":[],"fullName":"constants - extended coverage getVisibilityLevel returns low for values below medium threshold","invocations":1,"location":null,"numPassingAsserts":3,"retryReasons":[],"startAt":1767375568023,"status":"passed","title":"returns low for values below medium threshold"},{"ancestorTitles":["constants - extended coverage","getVisibilityLevel"],"duration":1,"failing":false,"failureDetails":[],"failureMessages":[],"fullName":"constants - extended coverage getVisibilityLevel handles edge cases","invocations":1,"location":null,"numPassingAsserts":4,"retryReasons":[],"startAt":1767375568023,"status":"passed","title":"handles edge cases"},{"ancestorTitles":["constants - extended coverage","getVisibilityLevel"],"duration":0,"failing":false,"failureDetails":[],"failureMessages":[],"fullName":"constants - extended coverage getVisibilityLevel handles decimal values correctly","invocations":1,"location":null,"numPassingAsserts":2,"retryReasons":[],"startAt":1767375568024,"status":"passed","title":"handles decimal values correctly"}],"endTime":1767375568026,"message":"","name":"/workspaces/aimetrics/tests/unit/lib/constants.extended.spec.ts","startTime":1767375567927,"status":"passed","summary":""},{"assertionResults":[{"ancestorTitles":["cn utility"],"duration":5,"failing":false,"failureDetails":[],"failureMessages":[],"fullName":"cn utility merges class names","invocations":1,"location":null,"numPassingAsserts":1,"retryReasons":[],"startAt":1767375568021,"status":"passed","title":"merges class names"},{"ancestorTitles":["cn utility"],"duration":3,"failing":false,"failureDetails":[],"failureMessages":[],"fullName":"cn utility skips falsy values","invocations":1,"location":null,"numPassingAsserts":1,"retryReasons":[],"startAt":1767375568027,"status":"passed","title":"skips falsy values"},{"ancestorTitles":["cn utility"],"duration":1,"failing":false,"failureDetails":[],"failureMessages":[],"fullName":"cn utility merges Tailwind modifiers","invocations":1,"location":null,"numPassingAsserts":1,"retryReasons":[],"startAt":1767375568030,"status":"passed","title":"merges Tailwind modifiers"},{"ancestorTitles":["cn utility"],"duration":2,"failing":false,"failureDetails":[],"failureMessages":[],"fullName":"cn utility supports arrays and objects","invocations":1,"location":null,"numPassingAsserts":1,"retryReasons":[],"startAt":1767375568031,"status":"passed","title":"supports arrays and objects"}],"endTime":1767375568035,"message":"","name":"/workspaces/aimetrics/tests/unit/lib/utils.spec.ts","startTime":1767375567943,"status":"passed","summary":""},{"assertionResults":[{"ancestorTitles":["openai service","createAIClient"],"duration":3,"failing":false,"failureDetails":[],"failureMessages":[],"fullName":"openai service createAIClient creates OpenAI client with provided key","invocations":1,"location":null,"numPassingAsserts":2,"retryReasons":[],"startAt":1767375568007,"status":"passed","title":"creates OpenAI client with provided key"},{"ancestorTitles":["openai service","createAIClient"],"duration":8,"failing":false,"failureDetails":[],"failureMessages":[],"fullName":"openai service createAIClient throws when OpenAI key missing","invocations":1,"location":null,"numPassingAsserts":1,"retryReasons":[],"startAt":1767375568010,"status":"passed","title":"throws when OpenAI key missing"},{"ancestorTitles":["openai service","queryAI"],"duration":19,"failing":false,"failureDetails":[],"failureMessages":[],"fullName":"openai service queryAI returns response content","invocations":1,"location":null,"numPassingAsserts":1,"retryReasons":[],"startAt":1767375568018,"status":"passed","title":"returns response content"},{"ancestorTitles":["openai service","queryAI"],"duration":2,"failing":false,"failureDetails":[],"failureMessages":[],"fullName":"openai service queryAI throws when content empty","invocations":1,"location":null,"numPassingAsserts":1,"retryReasons":[],"startAt":1767375568037,"status":"passed","title":"throws when content empty"},{"ancestorTitles":["openai service","queryAI"],"duration":4,"failing":false,"failureDetails":[],"failureMessages":[],"fullName":"openai service queryAI maps API errors","invocations":1,"location":null,"numPassingAsserts":1,"retryReasons":[],"startAt":1767375568039,"status":"passed","title":"maps API errors"},{"ancestorTitles":["openai service","getAIProviderInfo"],"duration":1,"failing":false,"failureDetails":[],"failureMessages":[],"fullName":"openai service getAIProviderInfo returns OpenAI info","invocations":1,"location":null,"numPassingAsserts":2,"retryReasons":[],"startAt":1767375568043,"status":"passed","title":"returns OpenAI info"}],"endTime":1767375568046,"message":"","name":"/workspaces/aimetrics/tests/unit/services/openai.spec.ts","startTime":1767375567951,"status":"passed","summary":""},{"assertionResults":[{"ancestorTitles":["constants"],"duration":3,"failing":false,"failureDetails":[],"failureMessages":[],"fullName":"constants replaces category placeholder","invocations":1,"location":null,"numPassingAsserts":21,"retryReasons":[],"startAt":1767375568116,"status":"passed","title":"replaces category placeholder"},{"ancestorTitles":["constants"],"duration":2,"failing":false,"failureDetails":[],"failureMessages":[],"fullName":"constants handles empty category","invocations":1,"location":null,"numPassingAsserts":10,"retryReasons":[],"startAt":1767375568119,"status":"passed","title":"handles empty category"},{"ancestorTitles":["constants"],"duration":1,"failing":false,"failureDetails":[],"failureMessages":[],"fullName":"constants has sensible app config defaults","invocations":1,"location":null,"numPassingAsserts":5,"retryReasons":[],"startAt":1767375568121,"status":"passed","title":"has sensible app config defaults"},{"ancestorTitles":["constants"],"duration":1,"failing":false,"failureDetails":[],"failureMessages":[],"fullName":"constants computes visibility levels","invocations":1,"location":null,"numPassingAsserts":3,"retryReasons":[],"startAt":1767375568122,"status":"passed","title":"computes visibility levels"}],"endTime":1767375568124,"message":"","name":"/workspaces/aimetrics/tests/unit/lib/constants.spec.ts","startTime":1767375568044,"status":"passed","summary":""},{"assertionResults":[{"ancestorTitles":["analyzeRequestSchema"],"duration":2,"failing":false,"failureDetails":[],"failureMessages":[],"fullName":"analyzeRequestSchema validates minimal payload","invocations":1,"location":null,"numPassingAsserts":1,"retryReasons":[],"startAt":1767375568154,"status":"passed","title":"validates minimal payload"},{"ancestorTitles":["analyzeRequestSchema"],"duration":0,"failing":false,"failureDetails":[],"failureMessages":[],"fullName":"analyzeRequestSchema rejects short category","invocations":1,"location":null,"numPassingAsserts":1,"retryReasons":[],"startAt":1767375568157,"status":"passed","title":"rejects short category"},{"ancestorTitles":["analyzeRequestSchema"],"duration":1,"failing":false,"failureDetails":[],"failureMessages":[],"fullName":"analyzeRequestSchema rejects too many brands","invocations":1,"location":null,"numPassingAsserts":1,"retryReasons":[],"startAt":1767375568157,"status":"passed","title":"rejects too many brands"},{"ancestorTitles":["chatPromptSchema"],"duration":1,"failing":false,"failureDetails":[],"failureMessages":[],"fullName":"chatPromptSchema validates prompt and brand","invocations":1,"location":null,"numPassingAsserts":1,"retryReasons":[],"startAt":1767375568158,"status":"passed","title":"validates prompt and brand"},{"ancestorTitles":["chatPromptSchema"],"duration":0,"failing":false,"failureDetails":[],"failureMessages":[],"fullName":"chatPromptSchema rejects empty prompt","invocations":1,"location":null,"numPassingAsserts":1,"retryReasons":[],"startAt":1767375568159,"status":"passed","title":"rejects empty prompt"},{"ancestorTitles":["chatPromptSchema"],"duration":1,"failing":false,"failureDetails":[],"failureMessages":[],"fullName":"chatPromptSchema transforms null response to empty string","invocations":1,"location":null,"numPassingAsserts":2,"retryReasons":[],"startAt":1767375568159,"status":"passed","title":"transforms null response to empty string"},{"ancestorTitles":["chatPromptSchema"],"duration":0,"failing":false,"failureDetails":[],"failureMessages":[],"fullName":"chatPromptSchema accepts null sessionId","invocations":1,"location":null,"numPassingAsserts":1,"retryReasons":[],"startAt":1767375568161,"status":"passed","title":"accepts null sessionId"}],"endTime":1767375568162,"message":"","name":"/workspaces/aimetrics/tests/unit/types/api.spec.ts","startTime":1767375568064,"status":"passed","summary":""},{"assertionResults":[],"coverage":{},"endTime":1767375568212,"message":"  \u001b[1m● \u001b[22mTest suite failed to run\n\n      x await isn't allowed in non-async function\n         ,-[/workspaces/aimetrics/tests/unit/services/openai.extended.spec.ts:107:1]\n     104 |   });\n     105 | \n     106 |       // Ollama support removed\n     107 |       await expect(queryAI(instance, 'prompt')).rejects.toThrow('not found');\n         :       ^^^^^\n     108 |     });\n     109 | \n     110 |     it('handles 429 rate limit error', async () => {\n         `----\n      x Expression expected\n         ,-[/workspaces/aimetrics/tests/unit/services/openai.extended.spec.ts:185:1]\n     182 |       expect(info.provider).toBe('Ollama (Local)');\n     183 |     });\n     184 |   });\n     185 | });\n         : ^\n         `----\n\n\n    Caused by:\n        Syntax Error\n\n      \u001b[2mat Object.transformSync (\u001b[22mnode_modules/next/src/build/swc/index.ts\u001b[2m:1460:25)\u001b[22m\n      \u001b[2mat transformSync (\u001b[22mnode_modules/next/src/build/swc/index.ts\u001b[2m:1591:19)\u001b[22m\n      \u001b[2mat Object.process (\u001b[22mnode_modules/next/src/build/swc/jest-transformer.ts\u001b[2m:105:25)\u001b[22m\n      \u001b[2mat ScriptTransformer.transformSource (\u001b[22mnode_modules/@jest/transform/build/index.js\u001b[2m:422:31)\u001b[22m\n      \u001b[2mat ScriptTransformer._transformAndBuildScript (\u001b[22mnode_modules/@jest/transform/build/index.js\u001b[2m:519:40)\u001b[22m\n      \u001b[2mat ScriptTransformer.transform (\u001b[22mnode_modules/@jest/transform/build/index.js\u001b[2m:558:19)\u001b[22m\n","name":"/workspaces/aimetrics/tests/unit/services/openai.extended.spec.ts","startTime":1767375568212,"status":"failed","summary":""}],"wasInterrupted":false}
